#
# A fatal error has been detected by the Java Runtime Environment:
#
#  EXCEPTION_ACCESS_VIOLATION (0xc0000005) at pc=0x00007ffaae620b77, pid=5512, tid=4144
#
# JRE version: OpenJDK Runtime Environment AdoptOpenJDK (11.0.10+9) (build 11.0.10+9)
# Java VM: OpenJDK 64-Bit Server VM AdoptOpenJDK (11.0.10+9, mixed mode, tiered, compressed oops, g1 gc, windows-amd64)
# Problematic frame:
# V  [jvm.dll+0x620b77]
#
# No core dump will be written. Minidumps are not enabled by default on client versions of Windows
#
# If you would like to submit a bug report, please visit:
#   https://github.com/AdoptOpenJDK/openjdk-support/issues
#

---------------  S U M M A R Y ------------

Command Line: -Ddebug.internal.errors=true -Ddebug.semantic.errors=false -Ddebug.completion.statistics=false -Dlwc.typegeneration.disabled=true apex.jorje.lsp.ApexLanguageServerLauncher

Host: Intel(R) Core(TM) i7-8700K CPU @ 3.70GHz, 12 cores, 15G,  Windows 10 , 64 bit Build 19041 (10.0.19041.1023)
Time: Tue Aug 10 09:49:23 2021 Romance Summer Time elapsed time: 10.271065 seconds (0d 0h 0m 10s)

---------------  T H R E A D  ---------------

Current thread (0x0000027e721ef000):  JavaThread "C2 CompilerThread2" daemon [_thread_in_native, id=4144, stack(0x000000d625100000,0x000000d625200000)]


Current CompileTask:
C2:  10271 6284       4       apex.jorje.semantic.ast.statement.FieldDeclarationStatements::traverse (65 bytes)

Stack: [0x000000d625100000,0x000000d625200000],  sp=0x000000d6251fb540,  free space=1005k
Native frames: (J=compiled Java code, j=interpreted, Vv=VM code, C=native code)
V  [jvm.dll+0x620b77]
V  [jvm.dll+0x62434d]
V  [jvm.dll+0x198bdd]
V  [jvm.dll+0x200632]
V  [jvm.dll+0x1ff70f]
V  [jvm.dll+0x1846bc]
V  [jvm.dll+0x20ec37]
V  [jvm.dll+0x20ce1b]
V  [jvm.dll+0x740b39]
V  [jvm.dll+0x739ba4]
V  [jvm.dll+0x5f2466]
C  [ucrtbase.dll+0x21bb2]
C  [KERNEL32.DLL+0x17034]
C  [ntdll.dll+0x52651]


siginfo: EXCEPTION_ACCESS_VIOLATION (0xc0000005), reading address 0x0000027e76b56f14


Register to memory mapping:

RIP=0x00007ffaae620b77 jvm.dll
RAX=0x0 is NULL
RBX=0x0000027e74c05910 points into unknown readable memory: 0x00007ffaae85cdb8 | b8 cd 85 ae fa 7f 00 00
RCX=0x0000027e762afdf8 points into unknown readable memory: 0x0000027e76b60440 | 40 04 b6 76 7e 02 00 00
RDX=0x0000027e75404408 points into unknown readable memory: 0x0000027e76b5eef8 | f8 ee b5 76 7e 02 00 00
RSP=0x000000d6251fb540 is pointing into the stack for thread: 0x0000027e721ef000
RBP=0x0 is NULL
RSI=0x0 is NULL
RDI=0x0000027e76b56ef8 is an unknown value
R8 =0x0 is NULL
R9 =0x0000027e711df1c0 points into unknown readable memory: 0x00007ffaae85fb40 | 40 fb 85 ae fa 7f 00 00
R10=0x0000027e7118a670 points into unknown readable memory: 0x00007ffaae85fb08 | 08 fb 85 ae fa 7f 00 00
R11=0x0000027e711df3a0 points into unknown readable memory: 0x0000027e7118a670 | 70 a6 18 71 7e 02 00 00
R12=0x0000027e754043f0 points into unknown readable memory: 0x0000027e76b5f1a8 | a8 f1 b5 76 7e 02 00 00
R13=0x0000027e76b5e238 points into unknown readable memory: 0x00007ffaae844590 | 90 45 84 ae fa 7f 00 00
R14=0x00000000000001e0 is an unknown value
R15=0x0000027e75404400 points into unknown readable memory: 0x0000027e76b56ef8 | f8 6e b5 76 7e 02 00 00


Registers:
RAX=0x0000000000000000, RBX=0x0000027e74c05910, RCX=0x0000027e762afdf8, RDX=0x0000027e75404408
RSP=0x000000d6251fb540, RBP=0x0000000000000000, RSI=0x0000000000000000, RDI=0x0000027e76b56ef8
R8 =0x0000000000000000, R9 =0x0000027e711df1c0, R10=0x0000027e7118a670, R11=0x0000027e711df3a0
R12=0x0000027e754043f0, R13=0x0000027e76b5e238, R14=0x00000000000001e0, R15=0x0000027e75404400
RIP=0x00007ffaae620b77, EFLAGS=0x0000000000010246

Top of Stack: (sp=0x000000d6251fb540)
0x000000d6251fb540:   000000d6251fbc60 0000000000000001
0x000000d6251fb550:   0000027e7607c970 0000027e7607c930
0x000000d6251fb560:   0000027e76b5e238 0000027e7607c970
0x000000d6251fb570:   0000000000000004 0000000000000259
0x000000d6251fb580:   0000027e7607c930 00007ffaae62434d
0x000000d6251fb590:   000000d6251fb690 000000d6251fbc60
0x000000d6251fb5a0:   0000027e74e9d418 000000d6251fbc60
0x000000d6251fb5b0:   0000027e7607c970 0000027e7607c930
0x000000d6251fb5c0:   000000000000000d 0000027e0000000c
0x000000d6251fb5d0:   0000027e7607c970 0000027e74e9d418
0x000000d6251fb5e0:   0000027e74e9db68 0000001000000002
0x000000d6251fb5f0:   0000000000000000 00007ffa00000007
0x000000d6251fb600:   0000027e727b1a90 0000027e727b1120
0x000000d6251fb610:   00007ffa00000012 0000000000000050
0x000000d6251fb620:   0000000000000000 0000000000000000
0x000000d6251fb630:   0000000000000000 0000000000000000 

Instructions: (pc=0x00007ffaae620b77)
0x00007ffaae620a77:   00 e8 73 e6 a9 ff 48 8b 43 18 48 8d 48 10 48 3b
0x00007ffaae620a87:   4b 20 76 11 45 33 c0 48 8b cb 41 8d 50 10 e8 f6
0x00007ffaae620a97:   e2 a9 ff eb 04 48 89 4b 18 48 89 47 50 4c 89 20
0x00007ffaae620aa7:   8b 6f 48 8b c5 3b f5 72 09 03 c0 3b f0 73 fa 89
0x00007ffaae620ab7:   47 48 48 8b 57 50 48 8d 1c ed 00 00 00 00 48 8b
0x00007ffaae620ac7:   4f 40 4c 8b c3 44 8b c8 49 c1 e1 03 44 89 64 24
0x00007ffaae620ad7:   20 e8 63 dc a9 ff 44 8b 47 48 33 d2 44 2b c5 48
0x00007ffaae620ae7:   89 47 50 49 c1 e0 03 48 8d 0c 03 e8 9b c8 18 00
0x00007ffaae620af7:   48 8b 47 50 4d 89 3c 06 ff c6 3b 77 48 0f 82 16
0x00007ffaae620b07:   ff ff ff 4c 8b 7c 24 68 4c 8b 74 24 60 48 8b 6c
0x00007ffaae620b17:   24 58 48 8b 5c 24 50 48 83 c4 30 41 5c 5f 5e c3
0x00007ffaae620b27:   cc cc cc cc cc cc cc cc cc 40 53 41 54 41 55 41
0x00007ffaae620b37:   57 48 83 ec 28 4c 8b 61 10 48 8b da 44 8b 79 20
0x00007ffaae620b47:   4c 8b e9 49 ff cf 4f 8d 3c fc 4d 3b fc 0f 82 a9
0x00007ffaae620b57:   01 00 00 48 89 6c 24 50 48 89 74 24 58 48 89 7c
0x00007ffaae620b67:   24 60 4c 89 74 24 20 66 90 49 8b 3f 33 ed 33 f6
0x00007ffaae620b77:   44 8b 47 1c 45 85 c0 0f 84 59 01 00 00 0f 1f 40
0x00007ffaae620b87:   00 0f 1f 84 00 00 00 00 00 4c 8b 4f 08 4c 8d 34
0x00007ffaae620b97:   f5 00 00 00 00 4f 8b 14 0e 4f 8d 1c 0e 4d 3b d5
0x00007ffaae620ba7:   0f 85 21 01 00 00 8b 47 18 3b f0 73 71 4d 85 d2
0x00007ffaae620bb7:   74 2e 49 8b 4a 10 48 85 c9 74 25 41 8b 42 20 48
0x00007ffaae620bc7:   8d 14 c1 66 0f 1f 44 00 00 48 39 7a f8 48 8d 52
0x00007ffaae620bd7:   f8 75 f6 ff c8 41 89 42 20 48 8b 0c c1 48 89 0a
0x00007ffaae620be7:   49 89 1b 48 85 db 0f 84 d9 00 00 00 48 8b 4b 10
0x00007ffaae620bf7:   48 85 c9 0f 84 cc 00 00 00 8b 43 20 3b 43 24 75
0x00007ffaae620c07:   11 8b d0 48 8b cb e8 be 1b fb ff 8b 43 20 48 8b
0x00007ffaae620c17:   4b 10 48 89 3c c1 ff 43 20 e9 a7 00 00 00 4c 3b
0x00007ffaae620c27:   d3 0f 84 9e 00 00 00 48 85 db 0f 84 8b 00 00 00
0x00007ffaae620c37:   41 3b c0 73 22 0f 1f 40 00 8b c8 49 8b 14 c9 48
0x00007ffaae620c47:   3b d3 74 0e 48 85 d2 74 0e ff c0 41 3b c0 72 e9
0x00007ffaae620c57:   eb 05 83 f8 ff 75 64 4d 85 d2 74 2c 49 8b 4a 10
0x00007ffaae620c67:   48 85 c9 74 23 41 8b 42 20 48 8d 14 c1 48 39 7a 


Stack slot to memory mapping:
stack at sp + 0 slots: 0x000000d6251fbc60 is pointing into the stack for thread: 0x0000027e721ef000
stack at sp + 1 slots: 0x0000000000000001 is an unknown value
stack at sp + 2 slots: 0x0000027e7607c970 points into unknown readable memory: 0x0000027e72aa4300 | 00 43 aa 72 7e 02 00 00
stack at sp + 3 slots: 0x0000027e7607c930 points into unknown readable memory: 0x0000027e72aa4300 | 00 43 aa 72 7e 02 00 00
stack at sp + 4 slots: 0x0000027e76b5e238 points into unknown readable memory: 0x00007ffaae844590 | 90 45 84 ae fa 7f 00 00
stack at sp + 5 slots: 0x0000027e7607c970 points into unknown readable memory: 0x0000027e72aa4300 | 00 43 aa 72 7e 02 00 00
stack at sp + 6 slots: 0x0000000000000004 is an unknown value
stack at sp + 7 slots: 0x0000000000000259 is an unknown value


---------------  P R O C E S S  ---------------

Threads class SMR info:
_java_thread_list=0x0000027e770e56b0, length=23, elements={
0x0000027e708cd000, 0x0000027e708c5000, 0x0000027e711d5800, 0x0000027e708db000,
0x0000027e708dc000, 0x0000027e708dd800, 0x0000027e71186000, 0x0000027e71187000,
0x0000027e7135c800, 0x0000027e71377000, 0x0000027e721d8800, 0x0000027e4bffd800,
0x0000027e724e9000, 0x0000027e724e9800, 0x0000027e71ced800, 0x0000027e71cee800,
0x0000027e71cef000, 0x0000027e72492800, 0x0000027e72226000, 0x0000027e72227800,
0x0000027e72225000, 0x0000027e72226800, 0x0000027e721ef000
}

Java Threads: ( => current thread )
  0x0000027e708cd000 JavaThread "Reference Handler" daemon [_thread_blocked, id=29584, stack(0x000000d623800000,0x000000d623900000)]
  0x0000027e708c5000 JavaThread "Finalizer" daemon [_thread_blocked, id=27324, stack(0x000000d623900000,0x000000d623a00000)]
  0x0000027e711d5800 JavaThread "Signal Dispatcher" daemon [_thread_blocked, id=25980, stack(0x000000d623a00000,0x000000d623b00000)]
  0x0000027e708db000 JavaThread "Attach Listener" daemon [_thread_blocked, id=5200, stack(0x000000d623b00000,0x000000d623c00000)]
  0x0000027e708dc000 JavaThread "Service Thread" daemon [_thread_blocked, id=28636, stack(0x000000d623c00000,0x000000d623d00000)]
  0x0000027e708dd800 JavaThread "C2 CompilerThread0" daemon [_thread_blocked, id=1384, stack(0x000000d623d00000,0x000000d623e00000)]
  0x0000027e71186000 JavaThread "C1 CompilerThread0" daemon [_thread_blocked, id=12180, stack(0x000000d623e00000,0x000000d623f00000)]
  0x0000027e71187000 JavaThread "Sweeper thread" daemon [_thread_blocked, id=20464, stack(0x000000d623f00000,0x000000d624000000)]
  0x0000027e7135c800 JavaThread "Common-Cleaner" daemon [_thread_blocked, id=30192, stack(0x000000d624100000,0x000000d624200000)]
  0x0000027e71377000 JavaThread "C2 CompilerThread1" daemon [_thread_blocked, id=25520, stack(0x000000d624200000,0x000000d624300000)]
  0x0000027e721d8800 JavaThread "pool-1-thread-1" [_thread_in_native, id=28620, stack(0x000000d625000000,0x000000d625100000)]
  0x0000027e4bffd800 JavaThread "DestroyJavaVM" [_thread_blocked, id=24500, stack(0x000000d623100000,0x000000d623200000)]
  0x0000027e724e9000 JavaThread "pool-1-thread-2" [_thread_blocked, id=5708, stack(0x000000d625200000,0x000000d625300000)]
  0x0000027e724e9800 JavaThread "pool-1-thread-3" [_thread_blocked, id=6620, stack(0x000000d625300000,0x000000d625400000)]
  0x0000027e71ced800 JavaThread "pool-1-thread-4" [_thread_blocked, id=6692, stack(0x000000d625400000,0x000000d625500000)]
  0x0000027e71cee800 JavaThread "pool-1-thread-5" [_thread_blocked, id=6696, stack(0x000000d625500000,0x000000d625600000)]
  0x0000027e71cef000 JavaThread "pool-1-thread-6" [_thread_blocked, id=6700, stack(0x000000d625600000,0x000000d625700000)]
  0x0000027e72492800 JavaThread "pool-1-thread-7" [_thread_blocked, id=6704, stack(0x000000d625700000,0x000000d625800000)]
  0x0000027e72226000 JavaThread "ForkJoinPool.commonPool-worker-19" daemon [_thread_blocked, id=17852, stack(0x000000d624300000,0x000000d624400000)]
  0x0000027e72227800 JavaThread "ForkJoinPool.commonPool-worker-5" daemon [_thread_blocked, id=30368, stack(0x000000d625800000,0x000000d625900000)]
  0x0000027e72225000 JavaThread "ForkJoinPool.commonPool-worker-23" daemon [_thread_blocked, id=7328, stack(0x000000d625900000,0x000000d625a00000)]
  0x0000027e72226800 JavaThread "ApexIndexer" [_thread_blocked, id=24288, stack(0x000000d625e00000,0x000000d625f00000)]
=>0x0000027e721ef000 JavaThread "C2 CompilerThread2" daemon [_thread_in_native, id=4144, stack(0x000000d625100000,0x000000d625200000)]

Other Threads:
  0x0000027e708b9000 VMThread "VM Thread" [stack: 0x000000d623700000,0x000000d623800000] [id=27244]
  0x0000027e71352800 WatcherThread [stack: 0x000000d624000000,0x000000d624100000] [id=16456]
  0x0000027e4c015000 GCTaskThread "GC Thread#0" [stack: 0x000000d623200000,0x000000d623300000] [id=30392]
  0x0000027e7145e000 GCTaskThread "GC Thread#1" [stack: 0x000000d624400000,0x000000d624500000] [id=7776]
  0x0000027e71ae4800 GCTaskThread "GC Thread#2" [stack: 0x000000d624500000,0x000000d624600000] [id=6280]
  0x0000027e71ae5000 GCTaskThread "GC Thread#3" [stack: 0x000000d624600000,0x000000d624700000] [id=27256]
  0x0000027e71ae6000 GCTaskThread "GC Thread#4" [stack: 0x000000d624700000,0x000000d624800000] [id=24652]
  0x0000027e71e96800 GCTaskThread "GC Thread#5" [stack: 0x000000d624800000,0x000000d624900000] [id=632]
  0x0000027e723e6800 GCTaskThread "GC Thread#6" [stack: 0x000000d625a00000,0x000000d625b00000] [id=4336]
  0x0000027e723e5000 GCTaskThread "GC Thread#7" [stack: 0x000000d625b00000,0x000000d625c00000] [id=17568]
  0x0000027e723e9800 GCTaskThread "GC Thread#8" [stack: 0x000000d625c00000,0x000000d625d00000] [id=23992]
  0x0000027e723e8000 GCTaskThread "GC Thread#9" [stack: 0x000000d625d00000,0x000000d625e00000] [id=13456]
  0x0000027e4c073800 ConcurrentGCThread "G1 Main Marker" [stack: 0x000000d623300000,0x000000d623400000] [id=8888]
  0x0000027e4c075800 ConcurrentGCThread "G1 Conc#0" [stack: 0x000000d623400000,0x000000d623500000] [id=23376]
  0x0000027e723e8800 ConcurrentGCThread "G1 Conc#1" [stack: 0x000000d624e00000,0x000000d624f00000] [id=3204]
  0x0000027e723e7000 ConcurrentGCThread "G1 Conc#2" [stack: 0x000000d624f00000,0x000000d625000000] [id=23096]
  0x0000027e7079f800 ConcurrentGCThread "G1 Refine#0" [stack: 0x000000d623500000,0x000000d623600000] [id=26468]
  0x0000027e71774000 ConcurrentGCThread "G1 Refine#1" [stack: 0x000000d624900000,0x000000d624a00000] [id=4976]
  0x0000027e71355000 ConcurrentGCThread "G1 Refine#2" [stack: 0x000000d624a00000,0x000000d624b00000] [id=11288]
  0x0000027e71b11000 ConcurrentGCThread "G1 Refine#3" [stack: 0x000000d624b00000,0x000000d624c00000] [id=10804]
  0x0000027e715f3000 ConcurrentGCThread "G1 Refine#4" [stack: 0x000000d624c00000,0x000000d624d00000] [id=3024]
  0x0000027e715f3800 ConcurrentGCThread "G1 Refine#5" [stack: 0x000000d624d00000,0x000000d624e00000] [id=25636]
  0x0000027e72a89000 ConcurrentGCThread "G1 Refine#6" [stack: 0x000000d625f00000,0x000000d626000000] [id=30196]
  0x0000027e723ea000 ConcurrentGCThread "G1 Refine#7" [stack: 0x000000d626000000,0x000000d626100000] [id=28044]
  0x0000027e723eb000 ConcurrentGCThread "G1 Refine#8" [stack: 0x000000d626100000,0x000000d626200000] [id=340]
  0x0000027e723e4800 ConcurrentGCThread "G1 Refine#9" [stack: 0x000000d626200000,0x000000d626300000] [id=15324]
  0x0000027e707a1000 ConcurrentGCThread "G1 Young RemSet Sampling" [stack: 0x000000d623600000,0x000000d623700000] [id=16784]

Threads with active compile tasks:
C2 CompilerThread2  10331 6284       4       apex.jorje.semantic.ast.statement.FieldDeclarationStatements::traverse (65 bytes)

VM state:not at safepoint (normal execution)

VM Mutex/Monitor currently owned by a thread: None

Heap address: 0x0000000700c00000, size: 4084 MB, Compressed Oops mode: Zero based, Oop shift amount: 3
Narrow klass base: 0x0000000800000000, Narrow klass shift: 0
Compressed class space size: 1073741824 Address: 0x0000000800000000

Heap:
 garbage-first heap   total 391168K, used 170804K [0x0000000700c00000, 0x0000000800000000)
  region size 1024K, 75 young (76800K), 16 survivors (16384K)
 Metaspace       used 32912K, capacity 33553K, committed 33664K, reserved 1079296K
  class space    used 3615K, capacity 3898K, committed 3968K, reserved 1048576K
Heap Regions: E=young(eden), S=young(survivor), O=old, HS=humongous(starts), HC=humongous(continues), CS=collection set, F=free, A=archive, TAMS=top-at-mark-start (previous, next)
|   0|0x0000000700c00000, 0x0000000700d00000, 0x0000000700d00000|100%|HS|  |TAMS 0x0000000700d00000, 0x0000000700c00000| Complete 
|   1|0x0000000700d00000, 0x0000000700e00000, 0x0000000700e00000|100%|HC|  |TAMS 0x0000000700e00000, 0x0000000700d00000| Complete 
|   2|0x0000000700e00000, 0x0000000700f00000, 0x0000000700f00000|100%| O|  |TAMS 0x0000000700f00000, 0x0000000700e00000| Untracked 
|   3|0x0000000700f00000, 0x0000000701000000, 0x0000000701000000|100%| O|  |TAMS 0x0000000701000000, 0x0000000700f00000| Untracked 
|   4|0x0000000701000000, 0x0000000701100000, 0x0000000701100000|100%| O|  |TAMS 0x0000000701000000, 0x0000000701000000| Untracked 
|   5|0x0000000701100000, 0x0000000701200000, 0x0000000701200000|100%|HS|  |TAMS 0x0000000701100000, 0x0000000701100000| Complete 
|   6|0x0000000701200000, 0x0000000701300000, 0x0000000701300000|100%|HC|  |TAMS 0x0000000701200000, 0x0000000701200000| Complete 
|   7|0x0000000701300000, 0x0000000701400000, 0x0000000701400000|100%| O|  |TAMS 0x0000000701300000, 0x0000000701300000| Untracked 
|   8|0x0000000701400000, 0x0000000701500000, 0x0000000701500000|100%| O|  |TAMS 0x0000000701500000, 0x0000000701400000| Untracked 
|   9|0x0000000701500000, 0x0000000701600000, 0x0000000701600000|100%| O|  |TAMS 0x0000000701600000, 0x0000000701500000| Untracked 
|  10|0x0000000701600000, 0x0000000701700000, 0x0000000701700000|100%| O|  |TAMS 0x0000000701700000, 0x0000000701600000| Untracked 
|  11|0x0000000701700000, 0x0000000701800000, 0x0000000701800000|100%| O|  |TAMS 0x0000000701800000, 0x0000000701700000| Untracked 
|  12|0x0000000701800000, 0x0000000701900000, 0x0000000701900000|100%| O|  |TAMS 0x0000000701900000, 0x0000000701800000| Untracked 
|  13|0x0000000701900000, 0x0000000701a00000, 0x0000000701a00000|100%| O|  |TAMS 0x0000000701a00000, 0x0000000701900000| Untracked 
|  14|0x0000000701a00000, 0x0000000701b00000, 0x0000000701b00000|100%| O|  |TAMS 0x0000000701b00000, 0x0000000701a00000| Untracked 
|  15|0x0000000701b00000, 0x0000000701c00000, 0x0000000701c00000|100%| O|  |TAMS 0x0000000701c00000, 0x0000000701b00000| Untracked 
|  16|0x0000000701c00000, 0x0000000701d00000, 0x0000000701d00000|100%| O|  |TAMS 0x0000000701d00000, 0x0000000701c00000| Untracked 
|  17|0x0000000701d00000, 0x0000000701e00000, 0x0000000701e00000|100%| O|  |TAMS 0x0000000701e00000, 0x0000000701d00000| Untracked 
|  18|0x0000000701e00000, 0x0000000701f00000, 0x0000000701f00000|100%| O|  |TAMS 0x0000000701f00000, 0x0000000701e00000| Untracked 
|  19|0x0000000701f00000, 0x0000000702000000, 0x0000000702000000|100%| O|  |TAMS 0x0000000702000000, 0x0000000701f00000| Untracked 
|  20|0x0000000702000000, 0x0000000702100000, 0x0000000702100000|100%| O|  |TAMS 0x0000000702100000, 0x0000000702000000| Untracked 
|  21|0x0000000702100000, 0x0000000702200000, 0x0000000702200000|100%| O|  |TAMS 0x0000000702200000, 0x0000000702100000| Untracked 
|  22|0x0000000702200000, 0x0000000702300000, 0x0000000702300000|100%| O|  |TAMS 0x0000000702300000, 0x0000000702200000| Untracked 
|  23|0x0000000702300000, 0x0000000702400000, 0x0000000702400000|100%| O|  |TAMS 0x0000000702400000, 0x0000000702300000| Untracked 
|  24|0x0000000702400000, 0x0000000702500000, 0x0000000702500000|100%| O|  |TAMS 0x0000000702400000, 0x0000000702400000| Untracked 
|  25|0x0000000702500000, 0x0000000702600000, 0x0000000702600000|100%| O|  |TAMS 0x0000000702500000, 0x0000000702500000| Untracked 
|  26|0x0000000702600000, 0x0000000702700000, 0x0000000702700000|100%| O|  |TAMS 0x0000000702600000, 0x0000000702600000| Untracked 
|  27|0x0000000702700000, 0x0000000702800000, 0x0000000702800000|100%| O|  |TAMS 0x0000000702700000, 0x0000000702700000| Untracked 
|  28|0x0000000702800000, 0x0000000702900000, 0x0000000702900000|100%| O|  |TAMS 0x0000000702800000, 0x0000000702800000| Untracked 
|  29|0x0000000702900000, 0x0000000702a00000, 0x0000000702a00000|100%| O|  |TAMS 0x0000000702900000, 0x0000000702900000| Untracked 
|  30|0x0000000702a00000, 0x0000000702b00000, 0x0000000702b00000|100%| O|  |TAMS 0x0000000702b00000, 0x0000000702a00000| Untracked 
|  31|0x0000000702b00000, 0x0000000702c00000, 0x0000000702c00000|100%| O|  |TAMS 0x0000000702c00000, 0x0000000702b00000| Untracked 
|  32|0x0000000702c00000, 0x0000000702d00000, 0x0000000702d00000|100%| O|  |TAMS 0x0000000702d00000, 0x0000000702c00000| Untracked 
|  33|0x0000000702d00000, 0x0000000702e00000, 0x0000000702e00000|100%| O|  |TAMS 0x0000000702e00000, 0x0000000702d00000| Untracked 
|  34|0x0000000702e00000, 0x0000000702f00000, 0x0000000702f00000|100%| O|  |TAMS 0x0000000702f00000, 0x0000000702e00000| Untracked 
|  35|0x0000000702f00000, 0x0000000703000000, 0x0000000703000000|100%| O|  |TAMS 0x0000000702f00000, 0x0000000702f00000| Untracked 
|  36|0x0000000703000000, 0x0000000703100000, 0x0000000703100000|100%| O|  |TAMS 0x0000000703000000, 0x0000000703000000| Untracked 
|  37|0x0000000703100000, 0x0000000703200000, 0x0000000703200000|100%| O|  |TAMS 0x0000000703100000, 0x0000000703100000| Untracked 
|  38|0x0000000703200000, 0x0000000703300000, 0x0000000703300000|100%| O|  |TAMS 0x0000000703200000, 0x0000000703200000| Untracked 
|  39|0x0000000703300000, 0x0000000703400000, 0x0000000703400000|100%| O|  |TAMS 0x0000000703300000, 0x0000000703300000| Untracked 
|  40|0x0000000703400000, 0x0000000703500000, 0x0000000703500000|100%| O|  |TAMS 0x0000000703400000, 0x0000000703400000| Untracked 
|  41|0x0000000703500000, 0x0000000703600000, 0x0000000703600000|100%| O|  |TAMS 0x0000000703500000, 0x0000000703500000| Untracked 
|  42|0x0000000703600000, 0x0000000703700000, 0x0000000703700000|100%| O|  |TAMS 0x0000000703600000, 0x0000000703600000| Untracked 
|  43|0x0000000703700000, 0x0000000703800000, 0x0000000703800000|100%| O|  |TAMS 0x0000000703700000, 0x0000000703700000| Untracked 
|  44|0x0000000703800000, 0x0000000703900000, 0x0000000703900000|100%| O|  |TAMS 0x0000000703800000, 0x0000000703800000| Untracked 
|  45|0x0000000703900000, 0x0000000703a00000, 0x0000000703a00000|100%| O|  |TAMS 0x0000000703a00000, 0x0000000703900000| Untracked 
|  46|0x0000000703a00000, 0x0000000703b00000, 0x0000000703b00000|100%| O|  |TAMS 0x0000000703b00000, 0x0000000703a00000| Untracked 
|  47|0x0000000703b00000, 0x0000000703c00000, 0x0000000703c00000|100%| O|  |TAMS 0x0000000703c00000, 0x0000000703b00000| Untracked 
|  48|0x0000000703c00000, 0x0000000703d00000, 0x0000000703d00000|100%| O|  |TAMS 0x0000000703c8b800, 0x0000000703c00000| Untracked 
|  49|0x0000000703d00000, 0x0000000703e00000, 0x0000000703e00000|100%| O|  |TAMS 0x0000000703d00000, 0x0000000703d00000| Untracked 
|  50|0x0000000703e00000, 0x0000000703f00000, 0x0000000703f00000|100%| O|  |TAMS 0x0000000703e00000, 0x0000000703e00000| Untracked 
|  51|0x0000000703f00000, 0x0000000704000000, 0x0000000704000000|100%| O|  |TAMS 0x0000000703f00000, 0x0000000703f00000| Untracked 
|  52|0x0000000704000000, 0x0000000704100000, 0x0000000704100000|100%| O|  |TAMS 0x0000000704000000, 0x0000000704000000| Untracked 
|  53|0x0000000704100000, 0x0000000704200000, 0x0000000704200000|100%| O|  |TAMS 0x0000000704100000, 0x0000000704100000| Untracked 
|  54|0x0000000704200000, 0x0000000704300000, 0x0000000704300000|100%| O|  |TAMS 0x0000000704200000, 0x0000000704200000| Untracked 
|  55|0x0000000704300000, 0x0000000704400000, 0x0000000704400000|100%| O|  |TAMS 0x0000000704300000, 0x0000000704300000| Untracked 
|  56|0x0000000704400000, 0x0000000704500000, 0x0000000704500000|100%| O|  |TAMS 0x0000000704400000, 0x0000000704400000| Untracked 
|  57|0x0000000704500000, 0x0000000704600000, 0x0000000704600000|100%| O|  |TAMS 0x0000000704500000, 0x0000000704500000| Untracked 
|  58|0x0000000704600000, 0x0000000704700000, 0x0000000704700000|100%| O|  |TAMS 0x0000000704600000, 0x0000000704600000| Untracked 
|  59|0x0000000704700000, 0x0000000704800000, 0x0000000704800000|100%| O|  |TAMS 0x0000000704700000, 0x0000000704700000| Untracked 
|  60|0x0000000704800000, 0x0000000704900000, 0x0000000704900000|100%| O|  |TAMS 0x0000000704800000, 0x0000000704800000| Untracked 
|  61|0x0000000704900000, 0x0000000704a00000, 0x0000000704a00000|100%| O|  |TAMS 0x0000000704900000, 0x0000000704900000| Untracked 
|  62|0x0000000704a00000, 0x0000000704b00000, 0x0000000704b00000|100%| O|  |TAMS 0x0000000704a00000, 0x0000000704a00000| Untracked 
|  63|0x0000000704b00000, 0x0000000704c00000, 0x0000000704c00000|100%| O|  |TAMS 0x0000000704b00000, 0x0000000704b00000| Untracked 
|  64|0x0000000704c00000, 0x0000000704d00000, 0x0000000704d00000|100%| O|  |TAMS 0x0000000704c00000, 0x0000000704c00000| Untracked 
|  65|0x0000000704d00000, 0x0000000704e00000, 0x0000000704e00000|100%| O|  |TAMS 0x0000000704d00000, 0x0000000704d00000| Untracked 
|  66|0x0000000704e00000, 0x0000000704f00000, 0x0000000704f00000|100%| O|  |TAMS 0x0000000704e00000, 0x0000000704e00000| Untracked 
|  67|0x0000000704f00000, 0x0000000705000000, 0x0000000705000000|100%| O|  |TAMS 0x0000000704f00000, 0x0000000704f00000| Untracked 
|  68|0x0000000705000000, 0x0000000705100000, 0x0000000705100000|100%| O|  |TAMS 0x0000000705000000, 0x0000000705000000| Untracked 
|  69|0x0000000705100000, 0x0000000705200000, 0x0000000705200000|100%| O|  |TAMS 0x0000000705100000, 0x0000000705100000| Untracked 
|  70|0x0000000705200000, 0x0000000705300000, 0x0000000705300000|100%| O|  |TAMS 0x0000000705200000, 0x0000000705200000| Untracked 
|  71|0x0000000705300000, 0x0000000705400000, 0x0000000705400000|100%| O|  |TAMS 0x0000000705300000, 0x0000000705300000| Untracked 
|  72|0x0000000705400000, 0x0000000705500000, 0x0000000705500000|100%| O|  |TAMS 0x0000000705400000, 0x0000000705400000| Untracked 
|  73|0x0000000705500000, 0x0000000705600000, 0x0000000705600000|100%| O|  |TAMS 0x0000000705500000, 0x0000000705500000| Untracked 
|  74|0x0000000705600000, 0x0000000705700000, 0x0000000705700000|100%| O|  |TAMS 0x0000000705600000, 0x0000000705600000| Untracked 
|  75|0x0000000705700000, 0x0000000705800000, 0x0000000705800000|100%| O|  |TAMS 0x0000000705700000, 0x0000000705700000| Untracked 
|  76|0x0000000705800000, 0x0000000705900000, 0x0000000705900000|100%| O|  |TAMS 0x0000000705800000, 0x0000000705800000| Untracked 
|  77|0x0000000705900000, 0x0000000705a00000, 0x0000000705a00000|100%| O|  |TAMS 0x0000000705900000, 0x0000000705900000| Untracked 
|  78|0x0000000705a00000, 0x0000000705b00000, 0x0000000705b00000|100%| O|  |TAMS 0x0000000705a00000, 0x0000000705a00000| Untracked 
|  79|0x0000000705b00000, 0x0000000705c00000, 0x0000000705c00000|100%| O|  |TAMS 0x0000000705b00000, 0x0000000705b00000| Untracked 
|  80|0x0000000705c00000, 0x0000000705d00000, 0x0000000705d00000|100%| O|  |TAMS 0x0000000705c00000, 0x0000000705c00000| Untracked 
|  81|0x0000000705d00000, 0x0000000705e00000, 0x0000000705e00000|100%| O|  |TAMS 0x0000000705d00000, 0x0000000705d00000| Untracked 
|  82|0x0000000705e00000, 0x0000000705f00000, 0x0000000705f00000|100%| O|  |TAMS 0x0000000705e00000, 0x0000000705e00000| Untracked 
|  83|0x0000000705f00000, 0x0000000706000000, 0x0000000706000000|100%| O|  |TAMS 0x0000000705f00000, 0x0000000705f00000| Untracked 
|  84|0x0000000706000000, 0x0000000706100000, 0x0000000706100000|100%| O|  |TAMS 0x0000000706000000, 0x0000000706000000| Untracked 
|  85|0x0000000706100000, 0x0000000706200000, 0x0000000706200000|100%| O|  |TAMS 0x0000000706100000, 0x0000000706100000| Untracked 
|  86|0x0000000706200000, 0x0000000706300000, 0x0000000706300000|100%| O|  |TAMS 0x0000000706200000, 0x0000000706200000| Untracked 
|  87|0x0000000706300000, 0x0000000706400000, 0x0000000706400000|100%| O|  |TAMS 0x0000000706300000, 0x0000000706300000| Untracked 
|  88|0x0000000706400000, 0x0000000706500000, 0x0000000706500000|100%| O|  |TAMS 0x0000000706400000, 0x0000000706400000| Untracked 
|  89|0x0000000706500000, 0x0000000706600000, 0x0000000706600000|100%| O|  |TAMS 0x0000000706500000, 0x0000000706500000| Untracked 
|  90|0x0000000706600000, 0x0000000706700000, 0x0000000706700000|100%| O|  |TAMS 0x0000000706600000, 0x0000000706600000| Untracked 
|  91|0x0000000706700000, 0x0000000706800000, 0x0000000706800000|100%| O|  |TAMS 0x0000000706700000, 0x0000000706700000| Untracked 
|  92|0x0000000706800000, 0x00000007068cd000, 0x0000000706900000| 80%| O|  |TAMS 0x0000000706800000, 0x0000000706800000| Untracked 
|  93|0x0000000706900000, 0x0000000706900000, 0x0000000706a00000|  0%| F|  |TAMS 0x0000000706900000, 0x0000000706900000| Untracked 
|  94|0x0000000706a00000, 0x0000000706a00000, 0x0000000706b00000|  0%| F|  |TAMS 0x0000000706a00000, 0x0000000706a00000| Untracked 
|  95|0x0000000706b00000, 0x0000000706b00000, 0x0000000706c00000|  0%| F|  |TAMS 0x0000000706b00000, 0x0000000706b00000| Untracked 
|  96|0x0000000706c00000, 0x0000000706c00000, 0x0000000706d00000|  0%| F|  |TAMS 0x0000000706c00000, 0x0000000706c00000| Untracked 
|  97|0x0000000706d00000, 0x0000000706d00000, 0x0000000706e00000|  0%| F|  |TAMS 0x0000000706d00000, 0x0000000706d00000| Untracked 
|  98|0x0000000706e00000, 0x0000000706e00000, 0x0000000706f00000|  0%| F|  |TAMS 0x0000000706e00000, 0x0000000706e00000| Untracked 
|  99|0x0000000706f00000, 0x0000000706f00000, 0x0000000707000000|  0%| F|  |TAMS 0x0000000706f00000, 0x0000000706f00000| Untracked 
| 100|0x0000000707000000, 0x0000000707000000, 0x0000000707100000|  0%| F|  |TAMS 0x0000000707000000, 0x0000000707000000| Untracked 
| 101|0x0000000707100000, 0x0000000707100000, 0x0000000707200000|  0%| F|  |TAMS 0x0000000707100000, 0x0000000707100000| Untracked 
| 102|0x0000000707200000, 0x0000000707200000, 0x0000000707300000|  0%| F|  |TAMS 0x0000000707200000, 0x0000000707200000| Untracked 
| 103|0x0000000707300000, 0x0000000707300000, 0x0000000707400000|  0%| F|  |TAMS 0x0000000707300000, 0x0000000707300000| Untracked 
| 104|0x0000000707400000, 0x0000000707400000, 0x0000000707500000|  0%| F|  |TAMS 0x0000000707400000, 0x0000000707400000| Untracked 
| 105|0x0000000707500000, 0x0000000707500000, 0x0000000707600000|  0%| F|  |TAMS 0x0000000707500000, 0x0000000707500000| Untracked 
| 106|0x0000000707600000, 0x0000000707600000, 0x0000000707700000|  0%| F|  |TAMS 0x0000000707600000, 0x0000000707600000| Untracked 
| 107|0x0000000707700000, 0x0000000707700000, 0x0000000707800000|  0%| F|  |TAMS 0x0000000707700000, 0x0000000707700000| Untracked 
| 108|0x0000000707800000, 0x0000000707800000, 0x0000000707900000|  0%| F|  |TAMS 0x0000000707800000, 0x0000000707800000| Untracked 
| 109|0x0000000707900000, 0x0000000707900000, 0x0000000707a00000|  0%| F|  |TAMS 0x0000000707900000, 0x0000000707900000| Untracked 
| 110|0x0000000707a00000, 0x0000000707a00000, 0x0000000707b00000|  0%| F|  |TAMS 0x0000000707a00000, 0x0000000707a00000| Untracked 
| 111|0x0000000707b00000, 0x0000000707b00000, 0x0000000707c00000|  0%| F|  |TAMS 0x0000000707b00000, 0x0000000707b00000| Untracked 
| 112|0x0000000707c00000, 0x0000000707c00000, 0x0000000707d00000|  0%| F|  |TAMS 0x0000000707c00000, 0x0000000707c00000| Untracked 
| 113|0x0000000707d00000, 0x0000000707d00000, 0x0000000707e00000|  0%| F|  |TAMS 0x0000000707d00000, 0x0000000707d00000| Untracked 
| 114|0x0000000707e00000, 0x0000000707e00000, 0x0000000707f00000|  0%| F|  |TAMS 0x0000000707e00000, 0x0000000707e00000| Untracked 
| 115|0x0000000707f00000, 0x0000000707f00000, 0x0000000708000000|  0%| F|  |TAMS 0x0000000707f00000, 0x0000000707f00000| Untracked 
| 116|0x0000000708000000, 0x0000000708000000, 0x0000000708100000|  0%| F|  |TAMS 0x0000000708000000, 0x0000000708000000| Untracked 
| 117|0x0000000708100000, 0x0000000708100000, 0x0000000708200000|  0%| F|  |TAMS 0x0000000708100000, 0x0000000708100000| Untracked 
| 118|0x0000000708200000, 0x0000000708200000, 0x0000000708300000|  0%| F|  |TAMS 0x0000000708200000, 0x0000000708200000| Untracked 
| 119|0x0000000708300000, 0x0000000708300000, 0x0000000708400000|  0%| F|  |TAMS 0x0000000708300000, 0x0000000708300000| Untracked 
| 120|0x0000000708400000, 0x0000000708400000, 0x0000000708500000|  0%| F|  |TAMS 0x0000000708400000, 0x0000000708400000| Untracked 
| 121|0x0000000708500000, 0x0000000708500000, 0x0000000708600000|  0%| F|  |TAMS 0x0000000708500000, 0x0000000708500000| Untracked 
| 122|0x0000000708600000, 0x0000000708600000, 0x0000000708700000|  0%| F|  |TAMS 0x0000000708600000, 0x0000000708600000| Untracked 
| 123|0x0000000708700000, 0x0000000708700000, 0x0000000708800000|  0%| F|  |TAMS 0x0000000708700000, 0x0000000708700000| Untracked 
| 124|0x0000000708800000, 0x0000000708800000, 0x0000000708900000|  0%| F|  |TAMS 0x0000000708800000, 0x0000000708800000| Untracked 
| 125|0x0000000708900000, 0x0000000708900000, 0x0000000708a00000|  0%| F|  |TAMS 0x0000000708900000, 0x0000000708900000| Untracked 
| 126|0x0000000708a00000, 0x0000000708a00000, 0x0000000708b00000|  0%| F|  |TAMS 0x0000000708a00000, 0x0000000708a00000| Untracked 
| 127|0x0000000708b00000, 0x0000000708b00000, 0x0000000708c00000|  0%| F|  |TAMS 0x0000000708b00000, 0x0000000708b00000| Untracked 
| 128|0x0000000708c00000, 0x0000000708c00000, 0x0000000708d00000|  0%| F|  |TAMS 0x0000000708c00000, 0x0000000708c00000| Untracked 
| 129|0x0000000708d00000, 0x0000000708d00000, 0x0000000708e00000|  0%| F|  |TAMS 0x0000000708d00000, 0x0000000708d00000| Untracked 
| 130|0x0000000708e00000, 0x0000000708e00000, 0x0000000708f00000|  0%| F|  |TAMS 0x0000000708e00000, 0x0000000708e00000| Untracked 
| 131|0x0000000708f00000, 0x0000000708f00000, 0x0000000709000000|  0%| F|  |TAMS 0x0000000708f00000, 0x0000000708f00000| Untracked 
| 132|0x0000000709000000, 0x0000000709000000, 0x0000000709100000|  0%| F|  |TAMS 0x0000000709000000, 0x0000000709000000| Untracked 
| 133|0x0000000709100000, 0x0000000709100000, 0x0000000709200000|  0%| F|  |TAMS 0x0000000709100000, 0x0000000709100000| Untracked 
| 134|0x0000000709200000, 0x0000000709200000, 0x0000000709300000|  0%| F|  |TAMS 0x0000000709200000, 0x0000000709200000| Untracked 
| 135|0x0000000709300000, 0x0000000709300000, 0x0000000709400000|  0%| F|  |TAMS 0x0000000709300000, 0x0000000709300000| Untracked 
| 136|0x0000000709400000, 0x0000000709400000, 0x0000000709500000|  0%| F|  |TAMS 0x0000000709400000, 0x0000000709400000| Untracked 
| 137|0x0000000709500000, 0x0000000709500000, 0x0000000709600000|  0%| F|  |TAMS 0x0000000709500000, 0x0000000709500000| Untracked 
| 138|0x0000000709600000, 0x0000000709600000, 0x0000000709700000|  0%| F|  |TAMS 0x0000000709600000, 0x0000000709600000| Untracked 
| 139|0x0000000709700000, 0x0000000709700000, 0x0000000709800000|  0%| F|  |TAMS 0x0000000709700000, 0x0000000709700000| Untracked 
| 140|0x0000000709800000, 0x0000000709800000, 0x0000000709900000|  0%| F|  |TAMS 0x0000000709800000, 0x0000000709800000| Untracked 
| 141|0x0000000709900000, 0x0000000709900000, 0x0000000709a00000|  0%| F|  |TAMS 0x0000000709900000, 0x0000000709900000| Untracked 
| 142|0x0000000709a00000, 0x0000000709a00000, 0x0000000709b00000|  0%| F|  |TAMS 0x0000000709a00000, 0x0000000709a00000| Untracked 
| 143|0x0000000709b00000, 0x0000000709b00000, 0x0000000709c00000|  0%| F|  |TAMS 0x0000000709b00000, 0x0000000709b00000| Untracked 
| 144|0x0000000709c00000, 0x0000000709c00000, 0x0000000709d00000|  0%| F|  |TAMS 0x0000000709c00000, 0x0000000709c00000| Untracked 
| 145|0x0000000709d00000, 0x0000000709d00000, 0x0000000709e00000|  0%| F|  |TAMS 0x0000000709d00000, 0x0000000709d00000| Untracked 
| 146|0x0000000709e00000, 0x0000000709e00000, 0x0000000709f00000|  0%| F|  |TAMS 0x0000000709e00000, 0x0000000709e00000| Untracked 
| 147|0x0000000709f00000, 0x0000000709f00000, 0x000000070a000000|  0%| F|  |TAMS 0x0000000709f00000, 0x0000000709f00000| Untracked 
| 148|0x000000070a000000, 0x000000070a000000, 0x000000070a100000|  0%| F|  |TAMS 0x000000070a000000, 0x000000070a000000| Untracked 
| 149|0x000000070a100000, 0x000000070a100000, 0x000000070a200000|  0%| F|  |TAMS 0x000000070a100000, 0x000000070a100000| Untracked 
| 150|0x000000070a200000, 0x000000070a200000, 0x000000070a300000|  0%| F|  |TAMS 0x000000070a200000, 0x000000070a200000| Untracked 
| 151|0x000000070a300000, 0x000000070a300000, 0x000000070a400000|  0%| F|  |TAMS 0x000000070a300000, 0x000000070a300000| Untracked 
| 152|0x000000070a400000, 0x000000070a400000, 0x000000070a500000|  0%| F|  |TAMS 0x000000070a400000, 0x000000070a400000| Untracked 
| 153|0x000000070a500000, 0x000000070a500000, 0x000000070a600000|  0%| F|  |TAMS 0x000000070a500000, 0x000000070a500000| Untracked 
| 154|0x000000070a600000, 0x000000070a600000, 0x000000070a700000|  0%| F|  |TAMS 0x000000070a600000, 0x000000070a600000| Untracked 
| 155|0x000000070a700000, 0x000000070a700000, 0x000000070a800000|  0%| F|  |TAMS 0x000000070a700000, 0x000000070a700000| Untracked 
| 156|0x000000070a800000, 0x000000070a800000, 0x000000070a900000|  0%| F|  |TAMS 0x000000070a800000, 0x000000070a800000| Untracked 
| 157|0x000000070a900000, 0x000000070a900000, 0x000000070aa00000|  0%| F|  |TAMS 0x000000070a900000, 0x000000070a900000| Untracked 
| 158|0x000000070aa00000, 0x000000070aa00000, 0x000000070ab00000|  0%| F|  |TAMS 0x000000070aa00000, 0x000000070aa00000| Untracked 
| 159|0x000000070ab00000, 0x000000070ab00000, 0x000000070ac00000|  0%| F|  |TAMS 0x000000070ab00000, 0x000000070ab00000| Untracked 
| 160|0x000000070ac00000, 0x000000070ac00000, 0x000000070ad00000|  0%| F|  |TAMS 0x000000070ac00000, 0x000000070ac00000| Untracked 
| 161|0x000000070ad00000, 0x000000070ad00000, 0x000000070ae00000|  0%| F|  |TAMS 0x000000070ad00000, 0x000000070ad00000| Untracked 
| 162|0x000000070ae00000, 0x000000070ae00000, 0x000000070af00000|  0%| F|  |TAMS 0x000000070ae00000, 0x000000070ae00000| Untracked 
| 163|0x000000070af00000, 0x000000070af00000, 0x000000070b000000|  0%| F|  |TAMS 0x000000070af00000, 0x000000070af00000| Untracked 
| 164|0x000000070b000000, 0x000000070b000000, 0x000000070b100000|  0%| F|  |TAMS 0x000000070b000000, 0x000000070b000000| Untracked 
| 165|0x000000070b100000, 0x000000070b100000, 0x000000070b200000|  0%| F|  |TAMS 0x000000070b100000, 0x000000070b100000| Untracked 
| 166|0x000000070b200000, 0x000000070b200000, 0x000000070b300000|  0%| F|  |TAMS 0x000000070b200000, 0x000000070b200000| Untracked 
| 167|0x000000070b300000, 0x000000070b300000, 0x000000070b400000|  0%| F|  |TAMS 0x000000070b300000, 0x000000070b300000| Untracked 
| 168|0x000000070b400000, 0x000000070b400000, 0x000000070b500000|  0%| F|  |TAMS 0x000000070b400000, 0x000000070b400000| Untracked 
| 169|0x000000070b500000, 0x000000070b500000, 0x000000070b600000|  0%| F|  |TAMS 0x000000070b500000, 0x000000070b500000| Untracked 
| 170|0x000000070b600000, 0x000000070b600000, 0x000000070b700000|  0%| F|  |TAMS 0x000000070b600000, 0x000000070b600000| Untracked 
| 171|0x000000070b700000, 0x000000070b700000, 0x000000070b800000|  0%| F|  |TAMS 0x000000070b700000, 0x000000070b700000| Untracked 
| 172|0x000000070b800000, 0x000000070b800000, 0x000000070b900000|  0%| F|  |TAMS 0x000000070b800000, 0x000000070b800000| Untracked 
| 173|0x000000070b900000, 0x000000070b900000, 0x000000070ba00000|  0%| F|  |TAMS 0x000000070b900000, 0x000000070b900000| Untracked 
| 174|0x000000070ba00000, 0x000000070ba00000, 0x000000070bb00000|  0%| F|  |TAMS 0x000000070ba00000, 0x000000070ba00000| Untracked 
| 175|0x000000070bb00000, 0x000000070bb00000, 0x000000070bc00000|  0%| F|  |TAMS 0x000000070bb00000, 0x000000070bb00000| Untracked 
| 176|0x000000070bc00000, 0x000000070bc00000, 0x000000070bd00000|  0%| F|  |TAMS 0x000000070bc00000, 0x000000070bc00000| Untracked 
| 177|0x000000070bd00000, 0x000000070bd00000, 0x000000070be00000|  0%| F|  |TAMS 0x000000070bd00000, 0x000000070bd00000| Untracked 
| 178|0x000000070be00000, 0x000000070be00000, 0x000000070bf00000|  0%| F|  |TAMS 0x000000070be00000, 0x000000070be00000| Untracked 
| 179|0x000000070bf00000, 0x000000070bf00000, 0x000000070c000000|  0%| F|  |TAMS 0x000000070bf00000, 0x000000070bf00000| Untracked 
| 180|0x000000070c000000, 0x000000070c000000, 0x000000070c100000|  0%| F|  |TAMS 0x000000070c000000, 0x000000070c000000| Untracked 
| 181|0x000000070c100000, 0x000000070c100000, 0x000000070c200000|  0%| F|  |TAMS 0x000000070c100000, 0x000000070c100000| Untracked 
| 182|0x000000070c200000, 0x000000070c200000, 0x000000070c300000|  0%| F|  |TAMS 0x000000070c200000, 0x000000070c200000| Untracked 
| 183|0x000000070c300000, 0x000000070c300000, 0x000000070c400000|  0%| F|  |TAMS 0x000000070c300000, 0x000000070c300000| Untracked 
| 184|0x000000070c400000, 0x000000070c400000, 0x000000070c500000|  0%| F|  |TAMS 0x000000070c400000, 0x000000070c400000| Untracked 
| 185|0x000000070c500000, 0x000000070c500000, 0x000000070c600000|  0%| F|  |TAMS 0x000000070c500000, 0x000000070c500000| Untracked 
| 186|0x000000070c600000, 0x000000070c600000, 0x000000070c700000|  0%| F|  |TAMS 0x000000070c600000, 0x000000070c600000| Untracked 
| 187|0x000000070c700000, 0x000000070c700000, 0x000000070c800000|  0%| F|  |TAMS 0x000000070c700000, 0x000000070c700000| Untracked 
| 188|0x000000070c800000, 0x000000070c900000, 0x000000070c900000|100%| S|CS|TAMS 0x000000070c800000, 0x000000070c800000| Complete 
| 189|0x000000070c900000, 0x000000070ca00000, 0x000000070ca00000|100%| S|CS|TAMS 0x000000070c900000, 0x000000070c900000| Complete 
| 190|0x000000070ca00000, 0x000000070cb00000, 0x000000070cb00000|100%| S|CS|TAMS 0x000000070ca00000, 0x000000070ca00000| Complete 
| 191|0x000000070cb00000, 0x000000070cc00000, 0x000000070cc00000|100%| S|CS|TAMS 0x000000070cb00000, 0x000000070cb00000| Complete 
| 192|0x000000070cc00000, 0x000000070cd00000, 0x000000070cd00000|100%| S|CS|TAMS 0x000000070cc00000, 0x000000070cc00000| Complete 
| 193|0x000000070cd00000, 0x000000070ce00000, 0x000000070ce00000|100%| S|CS|TAMS 0x000000070cd00000, 0x000000070cd00000| Complete 
| 194|0x000000070ce00000, 0x000000070cf00000, 0x000000070cf00000|100%| S|CS|TAMS 0x000000070ce00000, 0x000000070ce00000| Complete 
| 195|0x000000070cf00000, 0x000000070d000000, 0x000000070d000000|100%| S|CS|TAMS 0x000000070cf00000, 0x000000070cf00000| Complete 
| 196|0x000000070d000000, 0x000000070d100000, 0x000000070d100000|100%| S|CS|TAMS 0x000000070d000000, 0x000000070d000000| Complete 
| 197|0x000000070d100000, 0x000000070d200000, 0x000000070d200000|100%| S|CS|TAMS 0x000000070d100000, 0x000000070d100000| Complete 
| 198|0x000000070d200000, 0x000000070d300000, 0x000000070d300000|100%| S|CS|TAMS 0x000000070d200000, 0x000000070d200000| Complete 
| 199|0x000000070d300000, 0x000000070d400000, 0x000000070d400000|100%| S|CS|TAMS 0x000000070d300000, 0x000000070d300000| Complete 
| 200|0x000000070d400000, 0x000000070d500000, 0x000000070d500000|100%| S|CS|TAMS 0x000000070d400000, 0x000000070d400000| Complete 
| 201|0x000000070d500000, 0x000000070d600000, 0x000000070d600000|100%| S|CS|TAMS 0x000000070d500000, 0x000000070d500000| Complete 
| 202|0x000000070d600000, 0x000000070d700000, 0x000000070d700000|100%| S|CS|TAMS 0x000000070d600000, 0x000000070d600000| Complete 
| 203|0x000000070d700000, 0x000000070d800000, 0x000000070d800000|100%| S|CS|TAMS 0x000000070d700000, 0x000000070d700000| Complete 
| 204|0x000000070d800000, 0x000000070d800000, 0x000000070d900000|  0%| F|  |TAMS 0x000000070d800000, 0x000000070d800000| Untracked 
| 205|0x000000070d900000, 0x000000070d900000, 0x000000070da00000|  0%| F|  |TAMS 0x000000070d900000, 0x000000070d900000| Untracked 
| 206|0x000000070da00000, 0x000000070da00000, 0x000000070db00000|  0%| F|  |TAMS 0x000000070da00000, 0x000000070da00000| Untracked 
| 207|0x000000070db00000, 0x000000070db00000, 0x000000070dc00000|  0%| F|  |TAMS 0x000000070db00000, 0x000000070db00000| Untracked 
| 208|0x000000070dc00000, 0x000000070dc00000, 0x000000070dd00000|  0%| F|  |TAMS 0x000000070dc00000, 0x000000070dc00000| Untracked 
| 209|0x000000070dd00000, 0x000000070dd00000, 0x000000070de00000|  0%| F|  |TAMS 0x000000070dd00000, 0x000000070dd00000| Untracked 
| 210|0x000000070de00000, 0x000000070de00000, 0x000000070df00000|  0%| F|  |TAMS 0x000000070de00000, 0x000000070de00000| Untracked 
| 211|0x000000070df00000, 0x000000070df00000, 0x000000070e000000|  0%| F|  |TAMS 0x000000070df00000, 0x000000070df00000| Untracked 
| 212|0x000000070e000000, 0x000000070e000000, 0x000000070e100000|  0%| F|  |TAMS 0x000000070e000000, 0x000000070e000000| Untracked 
| 213|0x000000070e100000, 0x000000070e100000, 0x000000070e200000|  0%| F|  |TAMS 0x000000070e100000, 0x000000070e100000| Untracked 
| 214|0x000000070e200000, 0x000000070e200000, 0x000000070e300000|  0%| F|  |TAMS 0x000000070e200000, 0x000000070e200000| Untracked 
| 215|0x000000070e300000, 0x000000070e300000, 0x000000070e400000|  0%| F|  |TAMS 0x000000070e300000, 0x000000070e300000| Untracked 
| 216|0x000000070e400000, 0x000000070e400000, 0x000000070e500000|  0%| F|  |TAMS 0x000000070e400000, 0x000000070e400000| Untracked 
| 217|0x000000070e500000, 0x000000070e500000, 0x000000070e600000|  0%| F|  |TAMS 0x000000070e500000, 0x000000070e500000| Untracked 
| 218|0x000000070e600000, 0x000000070e600000, 0x000000070e700000|  0%| F|  |TAMS 0x000000070e600000, 0x000000070e600000| Untracked 
| 219|0x000000070e700000, 0x000000070e700000, 0x000000070e800000|  0%| F|  |TAMS 0x000000070e700000, 0x000000070e700000| Untracked 
| 220|0x000000070e800000, 0x000000070e800000, 0x000000070e900000|  0%| F|  |TAMS 0x000000070e800000, 0x000000070e800000| Untracked 
| 221|0x000000070e900000, 0x000000070e900000, 0x000000070ea00000|  0%| F|  |TAMS 0x000000070e900000, 0x000000070e900000| Untracked 
| 222|0x000000070ea00000, 0x000000070ea00000, 0x000000070eb00000|  0%| F|  |TAMS 0x000000070ea00000, 0x000000070ea00000| Untracked 
| 223|0x000000070eb00000, 0x000000070eb00000, 0x000000070ec00000|  0%| F|  |TAMS 0x000000070eb00000, 0x000000070eb00000| Untracked 
| 224|0x000000070ec00000, 0x000000070ec00000, 0x000000070ed00000|  0%| F|  |TAMS 0x000000070ec00000, 0x000000070ec00000| Untracked 
| 225|0x000000070ed00000, 0x000000070ed00000, 0x000000070ee00000|  0%| F|  |TAMS 0x000000070ed00000, 0x000000070ed00000| Untracked 
| 226|0x000000070ee00000, 0x000000070ee00000, 0x000000070ef00000|  0%| F|  |TAMS 0x000000070ee00000, 0x000000070ee00000| Untracked 
| 227|0x000000070ef00000, 0x000000070ef00000, 0x000000070f000000|  0%| F|  |TAMS 0x000000070ef00000, 0x000000070ef00000| Untracked 
| 228|0x000000070f000000, 0x000000070f000000, 0x000000070f100000|  0%| F|  |TAMS 0x000000070f000000, 0x000000070f000000| Untracked 
| 229|0x000000070f100000, 0x000000070f100000, 0x000000070f200000|  0%| F|  |TAMS 0x000000070f100000, 0x000000070f100000| Untracked 
| 230|0x000000070f200000, 0x000000070f200000, 0x000000070f300000|  0%| F|  |TAMS 0x000000070f200000, 0x000000070f200000| Untracked 
| 231|0x000000070f300000, 0x000000070f300000, 0x000000070f400000|  0%| F|  |TAMS 0x000000070f300000, 0x000000070f300000| Untracked 
| 232|0x000000070f400000, 0x000000070f400000, 0x000000070f500000|  0%| F|  |TAMS 0x000000070f400000, 0x000000070f400000| Untracked 
| 233|0x000000070f500000, 0x000000070f500000, 0x000000070f600000|  0%| F|  |TAMS 0x000000070f500000, 0x000000070f500000| Untracked 
| 234|0x000000070f600000, 0x000000070f600000, 0x000000070f700000|  0%| F|  |TAMS 0x000000070f600000, 0x000000070f600000| Untracked 
| 235|0x000000070f700000, 0x000000070f700000, 0x000000070f800000|  0%| F|  |TAMS 0x000000070f700000, 0x000000070f700000| Untracked 
| 236|0x000000070f800000, 0x000000070f800000, 0x000000070f900000|  0%| F|  |TAMS 0x000000070f800000, 0x000000070f800000| Untracked 
| 237|0x000000070f900000, 0x000000070f900000, 0x000000070fa00000|  0%| F|  |TAMS 0x000000070f900000, 0x000000070f900000| Untracked 
| 238|0x000000070fa00000, 0x000000070fa00000, 0x000000070fb00000|  0%| F|  |TAMS 0x000000070fa00000, 0x000000070fa00000| Untracked 
| 239|0x000000070fb00000, 0x000000070fb00000, 0x000000070fc00000|  0%| F|  |TAMS 0x000000070fb00000, 0x000000070fb00000| Untracked 
| 240|0x000000070fc00000, 0x000000070fc00000, 0x000000070fd00000|  0%| F|  |TAMS 0x000000070fc00000, 0x000000070fc00000| Untracked 
| 241|0x000000070fd00000, 0x000000070fd00000, 0x000000070fe00000|  0%| F|  |TAMS 0x000000070fd00000, 0x000000070fd00000| Untracked 
| 242|0x000000070fe00000, 0x000000070fe00000, 0x000000070ff00000|  0%| F|  |TAMS 0x000000070fe00000, 0x000000070fe00000| Untracked 
| 243|0x000000070ff00000, 0x000000070ff00000, 0x0000000710000000|  0%| F|  |TAMS 0x000000070ff00000, 0x000000070ff00000| Untracked 
| 244|0x0000000710000000, 0x0000000710000000, 0x0000000710100000|  0%| F|  |TAMS 0x0000000710000000, 0x0000000710000000| Untracked 
| 245|0x0000000710100000, 0x0000000710100000, 0x0000000710200000|  0%| F|  |TAMS 0x0000000710100000, 0x0000000710100000| Untracked 
| 246|0x0000000710200000, 0x0000000710200000, 0x0000000710300000|  0%| F|  |TAMS 0x0000000710200000, 0x0000000710200000| Untracked 
| 247|0x0000000710300000, 0x0000000710300000, 0x0000000710400000|  0%| F|  |TAMS 0x0000000710300000, 0x0000000710300000| Untracked 
| 248|0x0000000710400000, 0x0000000710400000, 0x0000000710500000|  0%| F|  |TAMS 0x0000000710400000, 0x0000000710400000| Untracked 
| 249|0x0000000710500000, 0x0000000710500000, 0x0000000710600000|  0%| F|  |TAMS 0x0000000710500000, 0x0000000710500000| Untracked 
| 250|0x0000000710600000, 0x0000000710600000, 0x0000000710700000|  0%| F|  |TAMS 0x0000000710600000, 0x0000000710600000| Untracked 
| 251|0x0000000710700000, 0x0000000710700000, 0x0000000710800000|  0%| F|  |TAMS 0x0000000710700000, 0x0000000710700000| Untracked 
| 252|0x0000000710800000, 0x0000000710800000, 0x0000000710900000|  0%| F|  |TAMS 0x0000000710800000, 0x0000000710800000| Untracked 
| 253|0x0000000710900000, 0x0000000710900000, 0x0000000710a00000|  0%| F|  |TAMS 0x0000000710900000, 0x0000000710900000| Untracked 
| 254|0x0000000710a00000, 0x0000000710a00000, 0x0000000710b00000|  0%| F|  |TAMS 0x0000000710a00000, 0x0000000710a00000| Untracked 
| 255|0x0000000710b00000, 0x0000000710b00000, 0x0000000710c00000|  0%| F|  |TAMS 0x0000000710b00000, 0x0000000710b00000| Untracked 
| 256|0x0000000710c00000, 0x0000000710c00000, 0x0000000710d00000|  0%| F|  |TAMS 0x0000000710c00000, 0x0000000710c00000| Untracked 
| 257|0x0000000710d00000, 0x0000000710d00000, 0x0000000710e00000|  0%| F|  |TAMS 0x0000000710d00000, 0x0000000710d00000| Untracked 
| 258|0x0000000710e00000, 0x0000000710e00000, 0x0000000710f00000|  0%| F|  |TAMS 0x0000000710e00000, 0x0000000710e00000| Untracked 
| 259|0x0000000710f00000, 0x0000000710f00000, 0x0000000711000000|  0%| F|  |TAMS 0x0000000710f00000, 0x0000000710f00000| Untracked 
| 260|0x0000000711000000, 0x0000000711000000, 0x0000000711100000|  0%| F|  |TAMS 0x0000000711000000, 0x0000000711000000| Untracked 
| 261|0x0000000711100000, 0x0000000711100000, 0x0000000711200000|  0%| F|  |TAMS 0x0000000711100000, 0x0000000711100000| Untracked 
| 262|0x0000000711200000, 0x0000000711200000, 0x0000000711300000|  0%| F|  |TAMS 0x0000000711200000, 0x0000000711200000| Untracked 
| 263|0x0000000711300000, 0x0000000711300000, 0x0000000711400000|  0%| F|  |TAMS 0x0000000711300000, 0x0000000711300000| Untracked 
| 264|0x0000000711400000, 0x0000000711400000, 0x0000000711500000|  0%| F|  |TAMS 0x0000000711400000, 0x0000000711400000| Untracked 
| 265|0x0000000711500000, 0x0000000711500000, 0x0000000711600000|  0%| F|  |TAMS 0x0000000711500000, 0x0000000711500000| Untracked 
| 266|0x0000000711600000, 0x0000000711600000, 0x0000000711700000|  0%| F|  |TAMS 0x0000000711600000, 0x0000000711600000| Untracked 
| 267|0x0000000711700000, 0x0000000711700000, 0x0000000711800000|  0%| F|  |TAMS 0x0000000711700000, 0x0000000711700000| Untracked 
| 268|0x0000000711800000, 0x0000000711800000, 0x0000000711900000|  0%| F|  |TAMS 0x0000000711800000, 0x0000000711800000| Untracked 
| 269|0x0000000711900000, 0x0000000711900000, 0x0000000711a00000|  0%| F|  |TAMS 0x0000000711900000, 0x0000000711900000| Untracked 
| 270|0x0000000711a00000, 0x0000000711a00000, 0x0000000711b00000|  0%| F|  |TAMS 0x0000000711a00000, 0x0000000711a00000| Untracked 
| 271|0x0000000711b00000, 0x0000000711b00000, 0x0000000711c00000|  0%| F|  |TAMS 0x0000000711b00000, 0x0000000711b00000| Untracked 
| 272|0x0000000711c00000, 0x0000000711c00000, 0x0000000711d00000|  0%| F|  |TAMS 0x0000000711c00000, 0x0000000711c00000| Untracked 
| 273|0x0000000711d00000, 0x0000000711d00000, 0x0000000711e00000|  0%| F|  |TAMS 0x0000000711d00000, 0x0000000711d00000| Untracked 
| 274|0x0000000711e00000, 0x0000000711e00000, 0x0000000711f00000|  0%| F|  |TAMS 0x0000000711e00000, 0x0000000711e00000| Untracked 
| 275|0x0000000711f00000, 0x0000000711f00000, 0x0000000712000000|  0%| F|  |TAMS 0x0000000711f00000, 0x0000000711f00000| Untracked 
| 276|0x0000000712000000, 0x0000000712000000, 0x0000000712100000|  0%| F|  |TAMS 0x0000000712000000, 0x0000000712000000| Untracked 
| 277|0x0000000712100000, 0x0000000712100000, 0x0000000712200000|  0%| F|  |TAMS 0x0000000712100000, 0x0000000712100000| Untracked 
| 278|0x0000000712200000, 0x0000000712200000, 0x0000000712300000|  0%| F|  |TAMS 0x0000000712200000, 0x0000000712200000| Untracked 
| 279|0x0000000712300000, 0x0000000712300000, 0x0000000712400000|  0%| F|  |TAMS 0x0000000712300000, 0x0000000712300000| Untracked 
| 280|0x0000000712400000, 0x0000000712400000, 0x0000000712500000|  0%| F|  |TAMS 0x0000000712400000, 0x0000000712400000| Untracked 
| 281|0x0000000712500000, 0x0000000712500000, 0x0000000712600000|  0%| F|  |TAMS 0x0000000712500000, 0x0000000712500000| Untracked 
| 282|0x0000000712600000, 0x0000000712600000, 0x0000000712700000|  0%| F|  |TAMS 0x0000000712600000, 0x0000000712600000| Untracked 
| 283|0x0000000712700000, 0x0000000712700000, 0x0000000712800000|  0%| F|  |TAMS 0x0000000712700000, 0x0000000712700000| Untracked 
| 284|0x0000000712800000, 0x0000000712800000, 0x0000000712900000|  0%| F|  |TAMS 0x0000000712800000, 0x0000000712800000| Untracked 
| 285|0x0000000712900000, 0x0000000712900000, 0x0000000712a00000|  0%| F|  |TAMS 0x0000000712900000, 0x0000000712900000| Untracked 
| 286|0x0000000712a00000, 0x0000000712a00000, 0x0000000712b00000|  0%| F|  |TAMS 0x0000000712a00000, 0x0000000712a00000| Untracked 
| 287|0x0000000712b00000, 0x0000000712b00000, 0x0000000712c00000|  0%| F|  |TAMS 0x0000000712b00000, 0x0000000712b00000| Untracked 
| 288|0x0000000712c00000, 0x0000000712c00000, 0x0000000712d00000|  0%| F|  |TAMS 0x0000000712c00000, 0x0000000712c00000| Untracked 
| 289|0x0000000712d00000, 0x0000000712d00000, 0x0000000712e00000|  0%| F|  |TAMS 0x0000000712d00000, 0x0000000712d00000| Untracked 
| 290|0x0000000712e00000, 0x0000000712e00000, 0x0000000712f00000|  0%| F|  |TAMS 0x0000000712e00000, 0x0000000712e00000| Untracked 
| 291|0x0000000712f00000, 0x0000000712f00000, 0x0000000713000000|  0%| F|  |TAMS 0x0000000712f00000, 0x0000000712f00000| Untracked 
| 292|0x0000000713000000, 0x0000000713000000, 0x0000000713100000|  0%| F|  |TAMS 0x0000000713000000, 0x0000000713000000| Untracked 
| 293|0x0000000713100000, 0x0000000713100000, 0x0000000713200000|  0%| F|  |TAMS 0x0000000713100000, 0x0000000713100000| Untracked 
| 294|0x0000000713200000, 0x0000000713200000, 0x0000000713300000|  0%| F|  |TAMS 0x0000000713200000, 0x0000000713200000| Untracked 
| 295|0x0000000713300000, 0x0000000713300000, 0x0000000713400000|  0%| F|  |TAMS 0x0000000713300000, 0x0000000713300000| Untracked 
| 296|0x0000000713400000, 0x0000000713400000, 0x0000000713500000|  0%| F|  |TAMS 0x0000000713400000, 0x0000000713400000| Untracked 
| 297|0x0000000713500000, 0x0000000713500000, 0x0000000713600000|  0%| F|  |TAMS 0x0000000713500000, 0x0000000713500000| Untracked 
| 298|0x0000000713600000, 0x0000000713600000, 0x0000000713700000|  0%| F|  |TAMS 0x0000000713600000, 0x0000000713600000| Untracked 
| 299|0x0000000713700000, 0x0000000713700000, 0x0000000713800000|  0%| F|  |TAMS 0x0000000713700000, 0x0000000713700000| Untracked 
| 300|0x0000000713800000, 0x0000000713800000, 0x0000000713900000|  0%| F|  |TAMS 0x0000000713800000, 0x0000000713800000| Untracked 
| 301|0x0000000713900000, 0x0000000713900000, 0x0000000713a00000|  0%| F|  |TAMS 0x0000000713900000, 0x0000000713900000| Untracked 
| 302|0x0000000713a00000, 0x0000000713a00000, 0x0000000713b00000|  0%| F|  |TAMS 0x0000000713a00000, 0x0000000713a00000| Untracked 
| 303|0x0000000713b00000, 0x0000000713b00000, 0x0000000713c00000|  0%| F|  |TAMS 0x0000000713b00000, 0x0000000713b00000| Untracked 
| 304|0x0000000713c00000, 0x0000000713c00000, 0x0000000713d00000|  0%| F|  |TAMS 0x0000000713c00000, 0x0000000713c00000| Untracked 
| 305|0x0000000713d00000, 0x0000000713d00000, 0x0000000713e00000|  0%| F|  |TAMS 0x0000000713d00000, 0x0000000713d00000| Untracked 
| 306|0x0000000713e00000, 0x0000000713e00000, 0x0000000713f00000|  0%| F|  |TAMS 0x0000000713e00000, 0x0000000713e00000| Untracked 
| 307|0x0000000713f00000, 0x0000000713f00000, 0x0000000714000000|  0%| F|  |TAMS 0x0000000713f00000, 0x0000000713f00000| Untracked 
| 308|0x0000000714000000, 0x0000000714000000, 0x0000000714100000|  0%| F|  |TAMS 0x0000000714000000, 0x0000000714000000| Untracked 
| 309|0x0000000714100000, 0x0000000714100000, 0x0000000714200000|  0%| F|  |TAMS 0x0000000714100000, 0x0000000714100000| Untracked 
| 310|0x0000000714200000, 0x0000000714200000, 0x0000000714300000|  0%| F|  |TAMS 0x0000000714200000, 0x0000000714200000| Untracked 
| 311|0x0000000714300000, 0x0000000714300000, 0x0000000714400000|  0%| F|  |TAMS 0x0000000714300000, 0x0000000714300000| Untracked 
| 312|0x0000000714400000, 0x0000000714400000, 0x0000000714500000|  0%| F|  |TAMS 0x0000000714400000, 0x0000000714400000| Untracked 
| 313|0x0000000714500000, 0x0000000714500000, 0x0000000714600000|  0%| F|  |TAMS 0x0000000714500000, 0x0000000714500000| Untracked 
| 314|0x0000000714600000, 0x0000000714600000, 0x0000000714700000|  0%| F|  |TAMS 0x0000000714600000, 0x0000000714600000| Untracked 
| 315|0x0000000714700000, 0x0000000714700000, 0x0000000714800000|  0%| F|  |TAMS 0x0000000714700000, 0x0000000714700000| Untracked 
| 316|0x0000000714800000, 0x0000000714800000, 0x0000000714900000|  0%| F|  |TAMS 0x0000000714800000, 0x0000000714800000| Untracked 
| 317|0x0000000714900000, 0x0000000714900000, 0x0000000714a00000|  0%| F|  |TAMS 0x0000000714900000, 0x0000000714900000| Untracked 
| 318|0x0000000714a00000, 0x0000000714a00000, 0x0000000714b00000|  0%| F|  |TAMS 0x0000000714a00000, 0x0000000714a00000| Untracked 
| 319|0x0000000714b00000, 0x0000000714b00000, 0x0000000714c00000|  0%| F|  |TAMS 0x0000000714b00000, 0x0000000714b00000| Untracked 
| 320|0x0000000714c00000, 0x0000000714c00000, 0x0000000714d00000|  0%| F|  |TAMS 0x0000000714c00000, 0x0000000714c00000| Untracked 
| 321|0x0000000714d00000, 0x0000000714d00000, 0x0000000714e00000|  0%| F|  |TAMS 0x0000000714d00000, 0x0000000714d00000| Untracked 
| 322|0x0000000714e00000, 0x0000000714e00000, 0x0000000714f00000|  0%| F|  |TAMS 0x0000000714e00000, 0x0000000714e00000| Untracked 
| 323|0x0000000714f00000, 0x0000000714fe6ac8, 0x0000000715000000| 90%| E|  |TAMS 0x0000000714f00000, 0x0000000714f00000| Complete 
| 324|0x0000000715000000, 0x0000000715100000, 0x0000000715100000|100%| E|CS|TAMS 0x0000000715000000, 0x0000000715000000| Complete 
| 325|0x0000000715100000, 0x0000000715200000, 0x0000000715200000|100%| E|CS|TAMS 0x0000000715100000, 0x0000000715100000| Complete 
| 326|0x0000000715200000, 0x0000000715300000, 0x0000000715300000|100%| E|CS|TAMS 0x0000000715200000, 0x0000000715200000| Complete 
| 327|0x0000000715300000, 0x0000000715400000, 0x0000000715400000|100%| E|CS|TAMS 0x0000000715300000, 0x0000000715300000| Complete 
| 328|0x0000000715400000, 0x0000000715500000, 0x0000000715500000|100%| E|CS|TAMS 0x0000000715400000, 0x0000000715400000| Complete 
| 329|0x0000000715500000, 0x0000000715600000, 0x0000000715600000|100%| E|CS|TAMS 0x0000000715500000, 0x0000000715500000| Complete 
| 330|0x0000000715600000, 0x0000000715700000, 0x0000000715700000|100%| E|CS|TAMS 0x0000000715600000, 0x0000000715600000| Complete 
| 331|0x0000000715700000, 0x0000000715800000, 0x0000000715800000|100%| E|CS|TAMS 0x0000000715700000, 0x0000000715700000| Complete 
| 332|0x0000000715800000, 0x0000000715900000, 0x0000000715900000|100%| E|CS|TAMS 0x0000000715800000, 0x0000000715800000| Complete 
| 333|0x0000000715900000, 0x0000000715a00000, 0x0000000715a00000|100%| E|CS|TAMS 0x0000000715900000, 0x0000000715900000| Complete 
| 334|0x0000000715a00000, 0x0000000715b00000, 0x0000000715b00000|100%| E|CS|TAMS 0x0000000715a00000, 0x0000000715a00000| Complete 
| 335|0x0000000715b00000, 0x0000000715c00000, 0x0000000715c00000|100%| E|CS|TAMS 0x0000000715b00000, 0x0000000715b00000| Complete 
| 336|0x0000000715c00000, 0x0000000715d00000, 0x0000000715d00000|100%| E|CS|TAMS 0x0000000715c00000, 0x0000000715c00000| Complete 
| 337|0x0000000715d00000, 0x0000000715e00000, 0x0000000715e00000|100%| E|CS|TAMS 0x0000000715d00000, 0x0000000715d00000| Complete 
| 338|0x0000000715e00000, 0x0000000715f00000, 0x0000000715f00000|100%| E|CS|TAMS 0x0000000715e00000, 0x0000000715e00000| Complete 
| 339|0x0000000715f00000, 0x0000000716000000, 0x0000000716000000|100%| E|CS|TAMS 0x0000000715f00000, 0x0000000715f00000| Complete 
| 340|0x0000000716000000, 0x0000000716100000, 0x0000000716100000|100%| E|CS|TAMS 0x0000000716000000, 0x0000000716000000| Complete 
| 341|0x0000000716100000, 0x0000000716200000, 0x0000000716200000|100%| E|CS|TAMS 0x0000000716100000, 0x0000000716100000| Complete 
| 342|0x0000000716200000, 0x0000000716300000, 0x0000000716300000|100%| E|CS|TAMS 0x0000000716200000, 0x0000000716200000| Complete 
| 343|0x0000000716300000, 0x0000000716400000, 0x0000000716400000|100%| E|CS|TAMS 0x0000000716300000, 0x0000000716300000| Complete 
| 344|0x0000000716400000, 0x0000000716500000, 0x0000000716500000|100%| E|CS|TAMS 0x0000000716400000, 0x0000000716400000| Complete 
| 345|0x0000000716500000, 0x0000000716600000, 0x0000000716600000|100%| E|CS|TAMS 0x0000000716500000, 0x0000000716500000| Complete 
| 346|0x0000000716600000, 0x0000000716700000, 0x0000000716700000|100%| E|CS|TAMS 0x0000000716600000, 0x0000000716600000| Complete 
| 347|0x0000000716700000, 0x0000000716800000, 0x0000000716800000|100%| E|CS|TAMS 0x0000000716700000, 0x0000000716700000| Complete 
| 348|0x0000000716800000, 0x0000000716900000, 0x0000000716900000|100%| E|CS|TAMS 0x0000000716800000, 0x0000000716800000| Complete 
| 349|0x0000000716900000, 0x0000000716a00000, 0x0000000716a00000|100%| E|CS|TAMS 0x0000000716900000, 0x0000000716900000| Complete 
| 350|0x0000000716a00000, 0x0000000716b00000, 0x0000000716b00000|100%| E|CS|TAMS 0x0000000716a00000, 0x0000000716a00000| Complete 
| 351|0x0000000716b00000, 0x0000000716c00000, 0x0000000716c00000|100%| E|CS|TAMS 0x0000000716b00000, 0x0000000716b00000| Complete 
| 352|0x0000000716c00000, 0x0000000716d00000, 0x0000000716d00000|100%| E|CS|TAMS 0x0000000716c00000, 0x0000000716c00000| Complete 
| 353|0x0000000716d00000, 0x0000000716e00000, 0x0000000716e00000|100%| E|CS|TAMS 0x0000000716d00000, 0x0000000716d00000| Complete 
| 354|0x0000000716e00000, 0x0000000716f00000, 0x0000000716f00000|100%| E|CS|TAMS 0x0000000716e00000, 0x0000000716e00000| Complete 
| 355|0x0000000716f00000, 0x0000000717000000, 0x0000000717000000|100%| E|CS|TAMS 0x0000000716f00000, 0x0000000716f00000| Complete 
| 356|0x0000000717000000, 0x0000000717100000, 0x0000000717100000|100%| E|CS|TAMS 0x0000000717000000, 0x0000000717000000| Complete 
| 357|0x0000000717100000, 0x0000000717200000, 0x0000000717200000|100%| E|CS|TAMS 0x0000000717100000, 0x0000000717100000| Complete 
| 358|0x0000000717200000, 0x0000000717300000, 0x0000000717300000|100%| E|CS|TAMS 0x0000000717200000, 0x0000000717200000| Complete 
| 359|0x0000000717300000, 0x0000000717400000, 0x0000000717400000|100%| E|CS|TAMS 0x0000000717300000, 0x0000000717300000| Complete 
| 360|0x0000000717400000, 0x0000000717500000, 0x0000000717500000|100%| E|CS|TAMS 0x0000000717400000, 0x0000000717400000| Complete 
| 361|0x0000000717500000, 0x0000000717600000, 0x0000000717600000|100%| E|CS|TAMS 0x0000000717500000, 0x0000000717500000| Complete 
| 362|0x0000000717600000, 0x0000000717700000, 0x0000000717700000|100%| E|CS|TAMS 0x0000000717600000, 0x0000000717600000| Complete 
| 363|0x0000000717700000, 0x0000000717800000, 0x0000000717800000|100%| E|CS|TAMS 0x0000000717700000, 0x0000000717700000| Complete 
| 364|0x0000000717800000, 0x0000000717900000, 0x0000000717900000|100%| E|CS|TAMS 0x0000000717800000, 0x0000000717800000| Complete 
| 365|0x0000000717900000, 0x0000000717a00000, 0x0000000717a00000|100%| E|CS|TAMS 0x0000000717900000, 0x0000000717900000| Complete 
| 366|0x0000000717a00000, 0x0000000717b00000, 0x0000000717b00000|100%| E|CS|TAMS 0x0000000717a00000, 0x0000000717a00000| Complete 
| 367|0x0000000717b00000, 0x0000000717c00000, 0x0000000717c00000|100%| E|CS|TAMS 0x0000000717b00000, 0x0000000717b00000| Complete 
| 368|0x0000000717c00000, 0x0000000717d00000, 0x0000000717d00000|100%| E|CS|TAMS 0x0000000717c00000, 0x0000000717c00000| Complete 
| 369|0x0000000717d00000, 0x0000000717e00000, 0x0000000717e00000|100%| E|CS|TAMS 0x0000000717d00000, 0x0000000717d00000| Complete 
| 370|0x0000000717e00000, 0x0000000717f00000, 0x0000000717f00000|100%| E|CS|TAMS 0x0000000717e00000, 0x0000000717e00000| Complete 
| 371|0x0000000717f00000, 0x0000000718000000, 0x0000000718000000|100%| E|CS|TAMS 0x0000000717f00000, 0x0000000717f00000| Complete 
| 372|0x0000000718000000, 0x0000000718100000, 0x0000000718100000|100%| E|CS|TAMS 0x0000000718000000, 0x0000000718000000| Complete 
| 373|0x0000000718100000, 0x0000000718200000, 0x0000000718200000|100%| E|CS|TAMS 0x0000000718100000, 0x0000000718100000| Complete 
| 374|0x0000000718200000, 0x0000000718300000, 0x0000000718300000|100%| E|CS|TAMS 0x0000000718200000, 0x0000000718200000| Complete 
| 375|0x0000000718300000, 0x0000000718400000, 0x0000000718400000|100%| E|CS|TAMS 0x0000000718300000, 0x0000000718300000| Complete 
| 376|0x0000000718400000, 0x0000000718500000, 0x0000000718500000|100%| E|CS|TAMS 0x0000000718400000, 0x0000000718400000| Complete 
| 377|0x0000000718500000, 0x0000000718600000, 0x0000000718600000|100%| E|CS|TAMS 0x0000000718500000, 0x0000000718500000| Complete 
| 378|0x0000000718600000, 0x0000000718700000, 0x0000000718700000|100%| E|CS|TAMS 0x0000000718600000, 0x0000000718600000| Complete 
| 379|0x0000000718700000, 0x0000000718800000, 0x0000000718800000|100%| E|CS|TAMS 0x0000000718700000, 0x0000000718700000| Complete 
| 380|0x0000000718800000, 0x0000000718900000, 0x0000000718900000|100%| E|CS|TAMS 0x0000000718800000, 0x0000000718800000| Complete 
| 381|0x0000000718900000, 0x0000000718a00000, 0x0000000718a00000|100%| E|CS|TAMS 0x0000000718900000, 0x0000000718900000| Complete 

Card table byte_map: [0x0000027e64b90000,0x0000027e65390000] _byte_map_base: 0x0000027e6138a000

Marking Bits (Prev, Next): (CMBitMap*) 0x0000027e4c0625a0, (CMBitMap*) 0x0000027e4c062568
 Prev Bits: [0x0000027e69b60000, 0x0000027e6db30000)
 Next Bits: [0x0000027e65b90000, 0x0000027e69b60000)

Polling page: 0x0000027e4a5c0000

Metaspace:

Usage:
  Non-class:     28.96 MB capacity,    28.61 MB ( 99%) used,   280.55 KB ( <1%) free+waste,    77.94 KB ( <1%) overhead. 
      Class:      3.81 MB capacity,     3.53 MB ( 93%) used,   247.41 KB (  6%) free+waste,    34.88 KB ( <1%) overhead. 
       Both:     32.77 MB capacity,    32.14 MB ( 98%) used,   527.95 KB (  2%) free+waste,   112.81 KB ( <1%) overhead. 

Virtual space:
  Non-class space:       30.00 MB reserved,      29.00 MB ( 97%) committed 
      Class space:        1.00 GB reserved,       3.88 MB ( <1%) committed 
             Both:        1.03 GB reserved,      32.88 MB (  3%) committed 

Chunk freelists:
   Non-Class:  41.00 KB
       Class:  6.00 KB
        Both:  47.00 KB

MaxMetaspaceSize: 17179869184.00 GB
CompressedClassSpaceSize: 1.00 GB

CodeHeap 'non-profiled nmethods': size=120000Kb used=4282Kb max_used=4282Kb free=115717Kb
 bounds [0x0000027e5c1c0000, 0x0000027e5c5f0000, 0x0000027e636f0000]
CodeHeap 'profiled nmethods': size=120000Kb used=13730Kb max_used=13730Kb free=106270Kb
 bounds [0x0000027e54c90000, 0x0000027e55a00000, 0x0000027e5c1c0000]
CodeHeap 'non-nmethods': size=5760Kb used=1144Kb max_used=1213Kb free=4615Kb
 bounds [0x0000027e546f0000, 0x0000027e54960000, 0x0000027e54c90000]
 total_blobs=6818 nmethods=6350 adapters=379
 compilation: enabled
              stopped_count=0, restarted_count=0
 full_count=0

Compilation events (20 events):
Event: 7.204 Thread 0x0000027e71186000 6456       3       apex.jorje.lsp.impl.index.node.ApexResourceFile::hasError (24 bytes)
Event: 7.204 Thread 0x0000027e71186000 nmethod 6456 0x0000027e559f4290 code [0x0000027e559f4480, 0x0000027e559f4858]
Event: 7.204 Thread 0x0000027e71186000 6455       3       apex.jorje.lsp.impl.index.ApexIndex::lambda$getFilesWithErrors$1 (30 bytes)
Event: 7.204 Thread 0x0000027e71186000 nmethod 6455 0x0000027e559f4a90 code [0x0000027e559f4ce0, 0x0000027e559f53e8]
Event: 7.204 Thread 0x0000027e71186000 6454       3       apex.jorje.lsp.impl.index.ApexIndex$$Lambda$326/0x00000008003bec40::test (8 bytes)
Event: 7.205 Thread 0x0000027e71186000 nmethod 6454 0x0000027e559f5790 code [0x0000027e559f5a00, 0x0000027e559f6288]
Event: 7.205 Thread 0x0000027e71186000 6457       1       apex.jorje.lsp.impl.workspace.ServerSetup::getRootPath (5 bytes)
Event: 7.205 Thread 0x0000027e71186000 nmethod 6457 0x0000027e5c5d6410 code [0x0000027e5c5d65c0, 0x0000027e5c5d6678]
Event: 7.205 Thread 0x0000027e71186000 6444       3       com.google.gson.internal.bind.TypeAdapterRuntimeTypeWrapper::getRuntimeTypeIfMoreSpecific (31 bytes)
Event: 7.205 Thread 0x0000027e71186000 nmethod 6444 0x0000027e559f6610 code [0x0000027e559f67e0, 0x0000027e559f6c38]
Event: 7.205 Thread 0x0000027e71186000 6458       3       com.google.gson.stream.JsonWriter::replaceTop (13 bytes)
Event: 7.205 Thread 0x0000027e71186000 nmethod 6458 0x0000027e559f6d10 code [0x0000027e559f6ec0, 0x0000027e559f6ff8]
Event: 7.205 Thread 0x0000027e71186000 6459       3       com.google.gson.stream.JsonWriter::string (169 bytes)
Event: 7.206 Thread 0x0000027e71186000 nmethod 6459 0x0000027e559f7110 code [0x0000027e559f73c0, 0x0000027e559f82a8]
Event: 7.206 Thread 0x0000027e71186000 6460       1       ch.qos.logback.core.pattern.Converter::getNext (5 bytes)
Event: 7.206 Thread 0x0000027e71186000 nmethod 6460 0x0000027e5c5d6710 code [0x0000027e5c5d68c0, 0x0000027e5c5d6978]
Event: 7.224 Thread 0x0000027e71377000 nmethod 6409 0x0000027e5c5d6a10 code [0x0000027e5c5d7040, 0x0000027e5c5da858]
Event: 7.225 Thread 0x0000027e71377000 6421 % !   4       apex.jorje.semantic.ast.compilation.UserClass::traverse @ 79 (221 bytes)
Event: 7.297 Thread 0x0000027e708dd800 nmethod 6408 0x0000027e5c5dd290 code [0x0000027e5c5dd9c0, 0x0000027e5c5e3af8]
Event: 7.333 Thread 0x0000027e71377000 nmethod 6421% 0x0000027e5c5e7510 code [0x0000027e5c5e7b00, 0x0000027e5c5eb888]

GC Heap History (20 events):
Event: 0.574 GC heap before
{Heap before GC invocations=2 (full 0):
 garbage-first heap   total 262144K, used 37177K [0x0000000700c00000, 0x0000000800000000)
  region size 1024K, 12 young (12288K), 3 survivors (3072K)
 Metaspace       used 9213K, capacity 9270K, committed 9344K, reserved 1058816K
  class space    used 837K, capacity 853K, committed 896K, reserved 1048576K
}
Event: 0.578 GC heap after
{Heap after GC invocations=3 (full 0):
 garbage-first heap   total 262144K, used 34341K [0x0000000700c00000, 0x0000000800000000)
  region size 1024K, 2 young (2048K), 2 survivors (2048K)
 Metaspace       used 9213K, capacity 9270K, committed 9344K, reserved 1058816K
  class space    used 837K, capacity 853K, committed 896K, reserved 1048576K
}
Event: 1.091 GC heap before
{Heap before GC invocations=3 (full 0):
 garbage-first heap   total 262144K, used 52773K [0x0000000700c00000, 0x0000000800000000)
  region size 1024K, 20 young (20480K), 2 survivors (2048K)
 Metaspace       used 16679K, capacity 16949K, committed 17024K, reserved 1064960K
  class space    used 1773K, capacity 1860K, committed 1920K, reserved 1048576K
}
Event: 1.093 GC heap after
{Heap after GC invocations=4 (full 0):
 garbage-first heap   total 262144K, used 36535K [0x0000000700c00000, 0x0000000800000000)
  region size 1024K, 3 young (3072K), 3 survivors (3072K)
 Metaspace       used 16679K, capacity 16949K, committed 17024K, reserved 1064960K
  class space    used 1773K, capacity 1860K, committed 1920K, reserved 1048576K
}
Event: 1.476 GC heap before
{Heap before GC invocations=4 (full 0):
 garbage-first heap   total 262144K, used 89783K [0x0000000700c00000, 0x0000000800000000)
  region size 1024K, 44 young (45056K), 3 survivors (3072K)
 Metaspace       used 20766K, capacity 21126K, committed 21248K, reserved 1069056K
  class space    used 2336K, capacity 2481K, committed 2560K, reserved 1048576K
}
Event: 1.484 GC heap after
{Heap after GC invocations=5 (full 0):
 garbage-first heap   total 317440K, used 43566K [0x0000000700c00000, 0x0000000800000000)
  region size 1024K, 6 young (6144K), 6 survivors (6144K)
 Metaspace       used 20766K, capacity 21126K, committed 21248K, reserved 1069056K
  class space    used 2336K, capacity 2481K, committed 2560K, reserved 1048576K
}
Event: 2.580 GC heap before
{Heap before GC invocations=6 (full 0):
 garbage-first heap   total 317440K, used 90670K [0x0000000700c00000, 0x0000000800000000)
  region size 1024K, 58 young (59392K), 6 survivors (6144K)
 Metaspace       used 30167K, capacity 30728K, committed 30976K, reserved 1077248K
  class space    used 3480K, capacity 3717K, committed 3840K, reserved 1048576K
}
Event: 2.590 GC heap after
{Heap after GC invocations=7 (full 0):
 garbage-first heap   total 317440K, used 43764K [0x0000000700c00000, 0x0000000800000000)
  region size 1024K, 8 young (8192K), 8 survivors (8192K)
 Metaspace       used 30167K, capacity 30728K, committed 30976K, reserved 1077248K
  class space    used 3480K, capacity 3717K, committed 3840K, reserved 1048576K
}
Event: 3.442 GC heap before
{Heap before GC invocations=7 (full 0):
 garbage-first heap   total 317440K, used 117492K [0x0000000700c00000, 0x0000000800000000)
  region size 1024K, 80 young (81920K), 8 survivors (8192K)
 Metaspace       used 31391K, capacity 31909K, committed 32256K, reserved 1077248K
  class space    used 3527K, capacity 3759K, committed 3840K, reserved 1048576K
}
Event: 3.454 GC heap after
{Heap after GC invocations=8 (full 0):
 garbage-first heap   total 317440K, used 60857K [0x0000000700c00000, 0x0000000800000000)
  region size 1024K, 10 young (10240K), 10 survivors (10240K)
 Metaspace       used 31391K, capacity 31909K, committed 32256K, reserved 1077248K
  class space    used 3527K, capacity 3759K, committed 3840K, reserved 1048576K
}
Event: 4.127 GC heap before
{Heap before GC invocations=8 (full 0):
 garbage-first heap   total 317440K, used 146873K [0x0000000700c00000, 0x0000000800000000)
  region size 1024K, 94 young (96256K), 10 survivors (10240K)
 Metaspace       used 31858K, capacity 32441K, committed 32512K, reserved 1077248K
  class space    used 3538K, capacity 3801K, committed 3840K, reserved 1048576K
}
Event: 4.142 GC heap after
{Heap after GC invocations=9 (full 0):
 garbage-first heap   total 317440K, used 79694K [0x0000000700c00000, 0x0000000800000000)
  region size 1024K, 12 young (12288K), 12 survivors (12288K)
 Metaspace       used 31858K, capacity 32441K, committed 32512K, reserved 1077248K
  class space    used 3538K, capacity 3801K, committed 3840K, reserved 1048576K
}
Event: 4.442 GC heap before
{Heap before GC invocations=9 (full 0):
 garbage-first heap   total 317440K, used 118606K [0x0000000700c00000, 0x0000000800000000)
  region size 1024K, 50 young (51200K), 12 survivors (12288K)
 Metaspace       used 31955K, capacity 32570K, committed 32768K, reserved 1079296K
  class space    used 3538K, capacity 3801K, committed 3840K, reserved 1048576K
}
Event: 4.456 GC heap after
{Heap after GC invocations=10 (full 0):
 garbage-first heap   total 391168K, used 88064K [0x0000000700c00000, 0x0000000800000000)
  region size 1024K, 7 young (7168K), 7 survivors (7168K)
 Metaspace       used 31955K, capacity 32570K, committed 32768K, reserved 1079296K
  class space    used 3538K, capacity 3801K, committed 3840K, reserved 1048576K
}
Event: 5.315 GC heap before
{Heap before GC invocations=10 (full 0):
 garbage-first heap   total 391168K, used 175104K [0x0000000700c00000, 0x0000000800000000)
  region size 1024K, 92 young (94208K), 7 survivors (7168K)
 Metaspace       used 32176K, capacity 32775K, committed 33024K, reserved 1079296K
  class space    used 3540K, capacity 3802K, committed 3840K, reserved 1048576K
}
Event: 5.324 GC heap after
{Heap after GC invocations=11 (full 0):
 garbage-first heap   total 391168K, used 95646K [0x0000000700c00000, 0x0000000800000000)
  region size 1024K, 8 young (8192K), 8 survivors (8192K)
 Metaspace       used 32176K, capacity 32775K, committed 33024K, reserved 1079296K
  class space    used 3540K, capacity 3802K, committed 3840K, reserved 1048576K
}
Event: 6.362 GC heap before
{Heap before GC invocations=11 (full 0):
 garbage-first heap   total 391168K, used 211358K [0x0000000700c00000, 0x0000000800000000)
  region size 1024K, 121 young (123904K), 8 survivors (8192K)
 Metaspace       used 32453K, capacity 33078K, committed 33280K, reserved 1079296K
  class space    used 3573K, capacity 3814K, committed 3840K, reserved 1048576K
}
Event: 6.368 GC heap after
{Heap after GC invocations=12 (full 0):
 garbage-first heap   total 391168K, used 103209K [0x0000000700c00000, 0x0000000800000000)
  region size 1024K, 15 young (15360K), 15 survivors (15360K)
 Metaspace       used 32453K, capacity 33078K, committed 33280K, reserved 1079296K
  class space    used 3573K, capacity 3814K, committed 3840K, reserved 1048576K
}
Event: 6.946 GC heap before
{Heap before GC invocations=12 (full 0):
 garbage-first heap   total 391168K, used 270121K [0x0000000700c00000, 0x0000000800000000)
  region size 1024K, 178 young (182272K), 15 survivors (15360K)
 Metaspace       used 32815K, capacity 33430K, committed 33664K, reserved 1079296K
  class space    used 3603K, capacity 3859K, committed 3968K, reserved 1048576K
}
Event: 6.955 GC heap after
{Heap after GC invocations=13 (full 0):
 garbage-first heap   total 391168K, used 111412K [0x0000000700c00000, 0x0000000800000000)
  region size 1024K, 16 young (16384K), 16 survivors (16384K)
 Metaspace       used 32815K, capacity 33430K, committed 33664K, reserved 1079296K
  class space    used 3603K, capacity 3859K, committed 3968K, reserved 1048576K
}

Deoptimization events (20 events):
Event: 7.202 Thread 0x0000027e72226800 Uncommon trap: trap_request=0xffffffc6 fr.pc=0x0000027e5c560480 relative=0x0000000000000380
Event: 7.202 Thread 0x0000027e72226800 Uncommon trap: reason=bimorphic_or_optimized_type_check action=maybe_recompile pc=0x0000027e5c560480 method=java.util.stream.AbstractPipeline.copyInto(Ljava/util/stream/Sink;Ljava/util/Spliterator;)V @ 25 c2
Event: 7.202 Thread 0x0000027e72226800 DEOPT PACKING pc=0x0000027e5c560480 sp=0x000000d625efe9a0
Event: 7.202 Thread 0x0000027e72226800 DEOPT UNPACKING pc=0x0000027e54717b2f sp=0x000000d625efe8e8 mode 2
Event: 7.202 Thread 0x0000027e72226800 Uncommon trap: trap_request=0xffffffc6 fr.pc=0x0000027e5c560480 relative=0x0000000000000380
Event: 7.202 Thread 0x0000027e72226800 Uncommon trap: reason=bimorphic_or_optimized_type_check action=maybe_recompile pc=0x0000027e5c560480 method=java.util.stream.AbstractPipeline.copyInto(Ljava/util/stream/Sink;Ljava/util/Spliterator;)V @ 25 c2
Event: 7.202 Thread 0x0000027e72226800 DEOPT PACKING pc=0x0000027e5c560480 sp=0x000000d625efe9a0
Event: 7.202 Thread 0x0000027e72226800 DEOPT UNPACKING pc=0x0000027e54717b2f sp=0x000000d625efe8e8 mode 2
Event: 7.202 Thread 0x0000027e72226800 Uncommon trap: trap_request=0xffffffc6 fr.pc=0x0000027e5c543398 relative=0x0000000000003b18
Event: 7.202 Thread 0x0000027e72226800 Uncommon trap: reason=bimorphic_or_optimized_type_check action=maybe_recompile pc=0x0000027e5c543398 method=org.eclipse.jdt.internal.core.nd.db.BTree.accept(JLorg/eclipse/jdt/internal/core/nd/db/IBTreeVisitor;)Z @ 119 c2
Event: 7.202 Thread 0x0000027e72226800 DEOPT PACKING pc=0x0000027e5c543398 sp=0x000000d625efe9e0
Event: 7.202 Thread 0x0000027e72226800 DEOPT UNPACKING pc=0x0000027e54717b2f sp=0x000000d625efe9c8 mode 2
Event: 7.202 Thread 0x0000027e72226800 Uncommon trap: trap_request=0xffffffc6 fr.pc=0x0000027e5c543398 relative=0x0000000000003b18
Event: 7.202 Thread 0x0000027e72226800 Uncommon trap: reason=bimorphic_or_optimized_type_check action=maybe_recompile pc=0x0000027e5c543398 method=org.eclipse.jdt.internal.core.nd.db.BTree.accept(JLorg/eclipse/jdt/internal/core/nd/db/IBTreeVisitor;)Z @ 119 c2
Event: 7.202 Thread 0x0000027e72226800 DEOPT PACKING pc=0x0000027e5c543398 sp=0x000000d625efe910
Event: 7.202 Thread 0x0000027e72226800 DEOPT UNPACKING pc=0x0000027e54717b2f sp=0x000000d625efe8f8 mode 2
Event: 7.202 Thread 0x0000027e72226800 Uncommon trap: trap_request=0xffffffc6 fr.pc=0x0000027e5c543398 relative=0x0000000000003b18
Event: 7.202 Thread 0x0000027e72226800 Uncommon trap: reason=bimorphic_or_optimized_type_check action=maybe_recompile pc=0x0000027e5c543398 method=org.eclipse.jdt.internal.core.nd.db.BTree.accept(JLorg/eclipse/jdt/internal/core/nd/db/IBTreeVisitor;)Z @ 119 c2
Event: 7.202 Thread 0x0000027e72226800 DEOPT PACKING pc=0x0000027e5c543398 sp=0x000000d625efe840
Event: 7.202 Thread 0x0000027e72226800 DEOPT UNPACKING pc=0x0000027e54717b2f sp=0x000000d625efe828 mode 2

Classes redefined (0 events):
No events

Internal exceptions (20 events):
Event: 2.183 Thread 0x0000027e724e9800 Exception <a 'java/lang/NoSuchMethodError'{0x00000007119574f0}: 'void java.lang.invoke.DirectMethodHandle$Holder.invokeStaticInit(java.lang.Object, java.lang.Object)'> (0x00000007119574f0) thrown at [./src/hotspot/share/interpreter/linkResolver.cpp, line 773]
Event: 2.204 Thread 0x0000027e724e9800 Implicit null exception at 0x0000027e5c2b9316 to 0x0000027e5c2b9538
Event: 2.204 Thread 0x0000027e724e9800 Implicit null exception at 0x0000027e5c1d89af to 0x0000027e5c1d8a29
Event: 2.214 Thread 0x0000027e724e9800 Exception <a 'java/lang/NoSuchMethodError'{0x000000071183fb48}: 'void java.lang.invoke.DirectMethodHandle$Holder.invokeSpecial(java.lang.Object, java.lang.Object, java.lang.Object, java.lang.Object, java.lang.Object)'> (0x000000071183fb48) thrown at [./src/hotspot/share/interpreter/linkResolver.cpp, line 773]
Event: 2.424 Thread 0x0000027e72492800 Implicit null exception at 0x0000027e5c1de6d3 to 0x0000027e5c1df060
Event: 2.909 Thread 0x0000027e721ef000 Exception <a 'java/lang/NoSuchMethodError'{0x0000000712ce29f8}: 'void java.lang.invoke.DirectMethodHandle$Holder.invokeStatic(java.lang.Object, int, java.lang.Object)'> (0x0000000712ce29f8) thrown at [./src/hotspot/share/interpreter/linkResolver.cpp, line 773]
Event: 2.909 Thread 0x0000027e721ef000 Exception <a 'java/lang/NoSuchMethodError'{0x0000000712ce5b58}: 'void java.lang.invoke.DirectMethodHandle$Holder.invokeStaticInit(java.lang.Object, int, java.lang.Object)'> (0x0000000712ce5b58) thrown at [./src/hotspot/share/interpreter/linkResolver.cpp, line 773]
Event: 6.206 Thread 0x0000027e72226800 Exception <a 'sun/nio/fs/WindowsException'{0x0000000715001338}> (0x0000000715001338) thrown at [./src/hotspot/share/prims/jni.cpp, line 615]
Event: 6.211 Thread 0x0000027e72226800 Exception <a 'sun/nio/fs/WindowsException'{0x00000007150115e0}> (0x00000007150115e0) thrown at [./src/hotspot/share/prims/jni.cpp, line 615]
Event: 6.211 Thread 0x0000027e72226800 Exception <a 'sun/nio/fs/WindowsException'{0x0000000715011930}> (0x0000000715011930) thrown at [./src/hotspot/share/prims/jni.cpp, line 615]
Event: 6.215 Thread 0x0000027e72226800 Exception <a 'sun/nio/fs/WindowsException'{0x0000000715032f20}> (0x0000000715032f20) thrown at [./src/hotspot/share/prims/jni.cpp, line 615]
Event: 6.215 Thread 0x0000027e72226800 Exception <a 'sun/nio/fs/WindowsException'{0x0000000715033250}> (0x0000000715033250) thrown at [./src/hotspot/share/prims/jni.cpp, line 615]
Event: 6.216 Thread 0x0000027e72226800 Exception <a 'java/lang/NoSuchMethodError'{0x000000071503a730}: 'void java.lang.invoke.DirectMethodHandle$Holder.invokeSpecial(java.lang.Object, java.lang.Object)'> (0x000000071503a730) thrown at [./src/hotspot/share/interpreter/linkResolver.cpp, line 773]
Event: 6.217 Thread 0x0000027e72226800 Exception <a 'sun/nio/fs/WindowsException'{0x000000071503f8a0}> (0x000000071503f8a0) thrown at [./src/hotspot/share/prims/jni.cpp, line 615]
Event: 6.217 Thread 0x0000027e72226800 Exception <a 'sun/nio/fs/WindowsException'{0x000000071503fba0}> (0x000000071503fba0) thrown at [./src/hotspot/share/prims/jni.cpp, line 615]
Event: 6.582 Thread 0x0000027e72226800 Exception <a 'java/lang/NoSuchMethodError'{0x000000071390fb80}: 'java.lang.Object java.lang.invoke.DirectMethodHandle$Holder.invokeSpecial(java.lang.Object, java.lang.Object, int, java.lang.Object, java.lang.Object)'> (0x000000071390fb80) thrown at [./src/hotspot/share/interpreter/linkResolver.cpp, line 773]
Event: 6.583 Thread 0x0000027e72226800 Exception <a 'java/lang/NoSuchMethodError'{0x0000000713917578}: 'java.lang.Object java.lang.invoke.DirectMethodHandle$Holder.invokeStatic(java.lang.Object, java.lang.Object, int, java.lang.Object)'> (0x0000000713917578) thrown at [./src/hotspot/share/interpreter/linkResolver.cpp, line 773]
Event: 6.583 Thread 0x0000027e72226800 Exception <a 'java/lang/NoSuchMethodError'{0x000000071391aff0}: 'java.lang.Object java.lang.invoke.DirectMethodHandle$Holder.invokeSpecial(java.lang.Object, java.lang.Object, java.lang.Object, int, java.lang.Object)'> (0x000000071391aff0) thrown at [./src/hotspot/share/interpreter/linkResolver.cpp, line 773]
Event: 6.583 Thread 0x0000027e72226800 Exception <a 'java/lang/NoSuchMethodError'{0x000000071391e488}: 'java.lang.Object java.lang.invoke.Invokers$Holder.linkToTargetMethod(java.lang.Object, int, java.lang.Object, java.lang.Object)'> (0x000000071391e488) thrown at [./src/hotspot/share/interpreter/linkResolver.cpp, line 773]
Event: 7.195 Thread 0x0000027e72226800 Exception <a 'java/lang/IncompatibleClassChangeError'{0x00000007150cd4c0}: Found class java.lang.Object, but interface was expected> (0x00000007150cd4c0) thrown at [./src/hotspot/share/interpreter/linkResolver.cpp, line 839]

Events (20 events):
Event: 7.202 loading class java/util/HashMap$KeySpliterator
Event: 7.202 loading class java/util/HashMap$KeySpliterator done
Event: 7.203 loading class apex/jorje/lsp/impl/index/node/ApexResourceFile
Event: 7.203 loading class apex/jorje/lsp/impl/index/node/ApexResourceFile done
Event: 7.203 loading class apex/jorje/lsp/impl/index/node/ApexResourceFile
Event: 7.203 loading class apex/jorje/lsp/impl/index/node/ApexResourceFile done
Event: 7.203 loading class apex/jorje/lsp/impl/index/node/ApexResourceFile
Event: 7.203 loading class apex/jorje/lsp/impl/index/node/ApexResourceFile done
Event: 7.203 loading class apex/jorje/lsp/impl/index/node/ApexResourceFile
Event: 7.203 loading class apex/jorje/lsp/impl/index/node/ApexResourceFile done
Event: 7.204 loading class apex/jorje/lsp/impl/index/ApexIndexer
Event: 7.204 loading class apex/jorje/lsp/impl/index/ApexIndexer done
Event: 7.205 loading class com/google/common/util/concurrent/AbstractScheduledService$Scheduler$2
Event: 7.205 loading class com/google/common/util/concurrent/AbstractScheduledService$Scheduler$2 done
Event: 7.206 loading class com/google/common/util/concurrent/AbstractScheduledService$Scheduler$1
Event: 7.206 loading class com/google/common/util/concurrent/AbstractScheduledService$Scheduler$1 done
Event: 7.206 Executing VM operation: RevokeBias
Event: 7.206 Executing VM operation: RevokeBias done
Event: 7.206 Executing VM operation: RevokeBias
Event: 7.206 Executing VM operation: RevokeBias done


Dynamic libraries:
0x00007ff6b37d0000 - 0x00007ff6b37dd000 	C:\Program Files\Env\AdoptOpenJDK\jdk-11.0.10.9-hotspot\bin\java.exe
0x00007ffb061d0000 - 0x00007ffb063c5000 	C:\WINDOWS\SYSTEM32\ntdll.dll
0x00007ffb05600000 - 0x00007ffb056bd000 	C:\WINDOWS\System32\KERNEL32.DLL
0x00007ffb03c60000 - 0x00007ffb03f29000 	C:\WINDOWS\System32\KERNELBASE.dll
0x00007ffb03ad0000 - 0x00007ffb03bd0000 	C:\WINDOWS\System32\ucrtbase.dll
0x00007ffaea4b0000 - 0x00007ffaea4c7000 	C:\Program Files\Env\AdoptOpenJDK\jdk-11.0.10.9-hotspot\bin\jli.dll
0x00007ffb04c40000 - 0x00007ffb04de0000 	C:\WINDOWS\System32\USER32.dll
0x00007ffb03a70000 - 0x00007ffb03a92000 	C:\WINDOWS\System32\win32u.dll
0x00007ffb055d0000 - 0x00007ffb055fa000 	C:\WINDOWS\System32\GDI32.dll
0x00007ffb03fd0000 - 0x00007ffb040db000 	C:\WINDOWS\System32\gdi32full.dll
0x00007ffb03f30000 - 0x00007ffb03fcd000 	C:\WINDOWS\System32\msvcp_win.dll
0x00007ffaea490000 - 0x00007ffaea4a5000 	C:\Program Files\Env\AdoptOpenJDK\jdk-11.0.10.9-hotspot\bin\VCRUNTIME140.dll
0x00007ffaee0d0000 - 0x00007ffaee36a000 	C:\WINDOWS\WinSxS\amd64_microsoft.windows.common-controls_6595b64144ccf1df_6.0.19041.1110_none_60b5254171f9507e\COMCTL32.dll
0x00007ffb04de0000 - 0x00007ffb04e7e000 	C:\WINDOWS\System32\msvcrt.dll
0x00007ffb05cb0000 - 0x00007ffb05ce0000 	C:\WINDOWS\System32\IMM32.DLL
0x00007ffae6d00000 - 0x00007ffae6d9b000 	C:\Program Files\Env\AdoptOpenJDK\jdk-11.0.10.9-hotspot\bin\msvcp140.dll
0x00007ffaae000000 - 0x00007ffaaeb43000 	C:\Program Files\Env\AdoptOpenJDK\jdk-11.0.10.9-hotspot\bin\server\jvm.dll
0x00007ffb05910000 - 0x00007ffb059bc000 	C:\WINDOWS\System32\ADVAPI32.dll
0x00007ffb05ce0000 - 0x00007ffb05d7b000 	C:\WINDOWS\System32\sechost.dll
0x00007ffb04b10000 - 0x00007ffb04c3a000 	C:\WINDOWS\System32\RPCRT4.dll
0x00007ffb04aa0000 - 0x00007ffb04aa8000 	C:\WINDOWS\System32\PSAPI.DLL
0x00007ffaf18e0000 - 0x00007ffaf1907000 	C:\WINDOWS\SYSTEM32\WINMM.dll
0x00007ffafbd00000 - 0x00007ffafbd0a000 	C:\WINDOWS\SYSTEM32\VERSION.dll
0x00007ffb01200000 - 0x00007ffb01209000 	C:\WINDOWS\SYSTEM32\WSOCK32.dll
0x00007ffb049a0000 - 0x00007ffb04a0b000 	C:\WINDOWS\System32\WS2_32.dll
0x00007ffb01860000 - 0x00007ffb01872000 	C:\WINDOWS\SYSTEM32\kernel.appcore.dll
0x00007ffaff470000 - 0x00007ffaff480000 	C:\Program Files\Env\AdoptOpenJDK\jdk-11.0.10.9-hotspot\bin\verify.dll
0x00007ffae9790000 - 0x00007ffae9974000 	C:\WINDOWS\SYSTEM32\DBGHELP.DLL
0x00007ffae91b0000 - 0x00007ffae91dc000 	C:\WINDOWS\SYSTEM32\dbgcore.DLL
0x00007ffb03bd0000 - 0x00007ffb03c53000 	C:\WINDOWS\System32\bcryptPrimitives.dll
0x00007ffae77b0000 - 0x00007ffae77d8000 	C:\Program Files\Env\AdoptOpenJDK\jdk-11.0.10.9-hotspot\bin\java.dll
0x00007ffaff410000 - 0x00007ffaff41a000 	C:\Program Files\Env\AdoptOpenJDK\jdk-11.0.10.9-hotspot\bin\jimage.dll
0x00007ffaea470000 - 0x00007ffaea487000 	C:\Program Files\Env\AdoptOpenJDK\jdk-11.0.10.9-hotspot\bin\zip.dll
0x00007ffb04e90000 - 0x00007ffb055cf000 	C:\WINDOWS\System32\SHELL32.dll
0x00007ffb01a60000 - 0x00007ffb021f1000 	C:\WINDOWS\SYSTEM32\windows.storage.dll
0x00007ffb05d80000 - 0x00007ffb060d5000 	C:\WINDOWS\System32\combase.dll
0x00007ffb032b0000 - 0x00007ffb032dc000 	C:\WINDOWS\SYSTEM32\Wldp.dll
0x00007ffb056e0000 - 0x00007ffb0578e000 	C:\WINDOWS\System32\SHCORE.dll
0x00007ffb04ab0000 - 0x00007ffb04b05000 	C:\WINDOWS\System32\shlwapi.dll
0x00007ffb03850000 - 0x00007ffb0386f000 	C:\WINDOWS\SYSTEM32\profapi.dll
0x00007ffafc270000 - 0x00007ffafc289000 	C:\Program Files\Env\AdoptOpenJDK\jdk-11.0.10.9-hotspot\bin\net.dll
0x00007ffaf6340000 - 0x00007ffaf644a000 	C:\WINDOWS\SYSTEM32\WINHTTP.dll
0x00007ffb03010000 - 0x00007ffb0307a000 	C:\WINDOWS\system32\mswsock.dll
0x00007ffafc250000 - 0x00007ffafc262000 	C:\Program Files\Env\AdoptOpenJDK\jdk-11.0.10.9-hotspot\bin\nio.dll
0x00007ffae7330000 - 0x00007ffae7347000 	C:\WINDOWS\system32\napinsp.dll
0x00007ffae7310000 - 0x00007ffae732b000 	C:\WINDOWS\system32\pnrpnsp.dll
0x00007ffafdbd0000 - 0x00007ffafdbe5000 	C:\WINDOWS\system32\wshbth.dll
0x00007ffaff3c0000 - 0x00007ffaff3dd000 	C:\WINDOWS\system32\NLAapi.dll
0x00007ffb02d00000 - 0x00007ffb02d3b000 	C:\WINDOWS\SYSTEM32\IPHLPAPI.DLL
0x00007ffb02d40000 - 0x00007ffb02e0c000 	C:\WINDOWS\SYSTEM32\DNSAPI.dll
0x00007ffb046b0000 - 0x00007ffb046b8000 	C:\WINDOWS\System32\NSI.dll
0x00007ffae6bd0000 - 0x00007ffae6be2000 	C:\WINDOWS\System32\winrnr.dll
0x00007ffafb500000 - 0x00007ffafb50a000 	C:\Windows\System32\rasadhlp.dll
0x00007ffaee7a0000 - 0x00007ffaee81f000 	C:\WINDOWS\System32\fwpuclnt.dll
0x00007ffb03aa0000 - 0x00007ffb03ac7000 	C:\WINDOWS\System32\bcrypt.dll

dbghelp: loaded successfully - version: 4.0.5 - missing functions: none
symbol engine: initialized successfully - sym options: 0x614 - pdb path: .;C:\Program Files\Env\AdoptOpenJDK\jdk-11.0.10.9-hotspot\bin;C:\WINDOWS\SYSTEM32;C:\WINDOWS\WinSxS\amd64_microsoft.windows.common-controls_6595b64144ccf1df_6.0.19041.1110_none_60b5254171f9507e;C:\Program Files\Env\AdoptOpenJDK\jdk-11.0.10.9-hotspot\bin\server

VM Arguments:
jvm_args: -Ddebug.internal.errors=true -Ddebug.semantic.errors=false -Ddebug.completion.statistics=false -Dlwc.typegeneration.disabled=true 
java_command: apex.jorje.lsp.ApexLanguageServerLauncher
java_class_path (initial): c:\Users\coren\.vscode\extensions\salesforce.salesforcedx-vscode-apex-52.8.0\out\apex-jorje-lsp.jar
Launcher Type: SUN_STANDARD

[Global flags]
     intx CICompilerCount                          = 4                                         {product} {ergonomic}
     uint ConcGCThreads                            = 3                                         {product} {ergonomic}
     uint G1ConcRefinementThreads                  = 10                                        {product} {ergonomic}
   size_t G1HeapRegionSize                         = 1048576                                   {product} {ergonomic}
    uintx GCDrainStackTargetSize                   = 64                                        {product} {ergonomic}
   size_t InitialHeapSize                          = 268435456                                 {product} {ergonomic}
   size_t MarkStackSize                            = 4194304                                   {product} {ergonomic}
   size_t MaxHeapSize                              = 4282384384                                {product} {ergonomic}
   size_t MaxNewSize                               = 2569011200                                {product} {ergonomic}
   size_t MinHeapDeltaBytes                        = 1048576                                   {product} {ergonomic}
    uintx NonNMethodCodeHeapSize                   = 5836300                                {pd product} {ergonomic}
    uintx NonProfiledCodeHeapSize                  = 122910970                              {pd product} {ergonomic}
    uintx ProfiledCodeHeapSize                     = 122910970                              {pd product} {ergonomic}
    uintx ReservedCodeCacheSize                    = 251658240                              {pd product} {ergonomic}
     bool SegmentedCodeCache                       = true                                      {product} {ergonomic}
     bool UseCompressedClassPointers               = true                                 {lp64_product} {ergonomic}
     bool UseCompressedOops                        = true                                 {lp64_product} {ergonomic}
     bool UseG1GC                                  = true                                      {product} {ergonomic}
     bool UseLargePagesIndividualAllocation        = false                                  {pd product} {ergonomic}

Logging:
Log output configuration:
 #0: stdout all=warning uptime,level,tags
 #1: stderr all=off uptime,level,tags

Environment Variables:
JAVA_HOME=C:\Program Files\Env\AdoptOpenJDK\jdk-11.0.10.9-hotspot
PATH=C:\Program Files\Env\AdoptOpenJDK\jdk-11.0.10.9-hotspot\bin;C:\Program Files\Java\jdk-15.0.2\bin;C:\Program Files (x86)\Common Files\Oracle\Java\javapath;C:\Program Files\Common Files\Oracle\Java\javapath;C:\WINDOWS\system32;C:\WINDOWS;C:\WINDOWS\System32\Wbem;C:\WINDOWS\System32\WindowsPowerShell\v1.0\;C:\WINDOWS\System32\OpenSSH\;C:\Program Files\NVIDIA Corporation\NVIDIA NvDLISR;C:\Program Files\Git\cmd;C:\Program Files\Env\Java\jre1.8.0_281\bin;C:\Program Files\Env\Maven\apache-maven-3.6.3\bin;C:\Program Files (x86)\NVIDIA Corporation\PhysX\Common;C:\Program Files\nodejs\;C:\Program Files\Env\flutter\bin;C:\Users\coren\AppData\Local\Microsoft\WindowsApps;C:\Users\coren\AppData\Local\Programs\Microsoft VS Code\bin;C:\Users\coren\AppData\Roaming\npm;C:\Program Files\sfdx\bin;
USERNAME=coren
OS=Windows_NT
PROCESSOR_IDENTIFIER=Intel64 Family 6 Model 158 Stepping 10, GenuineIntel



---------------  S Y S T E M  ---------------

OS: Windows 10 , 64 bit Build 19041 (10.0.19041.1023)
OS uptime: 13 days 16:07 hours

CPU:total 12 (initial active 12) (6 cores per cpu, 2 threads per core) family 6 model 158 stepping 10 microcode 0xb4, cmov, cx8, fxsr, mmx, sse, sse2, sse3, ssse3, sse4.1, sse4.2, popcnt, avx, avx2, aes, clmul, erms, rtm, 3dnowpref, lzcnt, ht, tsc, tscinvbit, bmi1, bmi2, adx, fma

Memory: 4k page, system-wide physical 16329M (8050M free)
TotalPageFile size 32734M (AvailPageFile size 5762M)
current process WorkingSet (physical memory assigned to process): 387M, peak: 426M
current process commit charge ("private bytes"): 532M, peak: 578M

vm_info: OpenJDK 64-Bit Server VM (11.0.10+9) for windows-amd64 JRE (11.0.10+9), built on Jan 20 2021 06:07:07 by "" with MS VC++ 15.9 (VS2017)

END.
